;  LST file generated by mikroListExporter - v.2.0 
; Date/Time: 26/05/2025 10:48:57 CH
;----------------------------------------------

;Address Opcode 	ASM
0x0000	0x2C87      	GOTO       1159
_UART1_Write:
;__Lib_UART_c67.c,39 :: 		
;__Lib_UART_c67.c,40 :: 		
L_UART1_Write3:
0x0003	0x1683      	BSF        STATUS, 5
0x0004	0x1303      	BCF        STATUS, 6
0x0005	0x1898      	BTFSC      TXSTA, 1
0x0006	0x2809      	GOTO       L_UART1_Write4
;__Lib_UART_c67.c,41 :: 		
0x0007	0x0000      	NOP
0x0008	0x2803      	GOTO       L_UART1_Write3
L_UART1_Write4:
;__Lib_UART_c67.c,42 :: 		
0x0009	0x1283      	BCF        STATUS, 5
0x000A	0x085F      	MOVF       FARG_UART1_Write_data_, 0
0x000B	0x0099      	MOVWF      TXREG
;__Lib_UART_c67.c,43 :: 		
L_end_UART1_Write:
0x000C	0x0008      	RETURN
; end of _UART1_Write
_Div_16x16_S_L:
;__Lib_Math.c,421 :: 		
;__Lib_Math.c,427 :: 		
0x000D	0x0D71      	RLF        R1, 0
;__Lib_Math.c,428 :: 		
0x000E	0x0DF8      	RLF        R8, 1
;__Lib_Math.c,429 :: 		
0x000F	0x0DF9      	RLF        R9, 1
;__Lib_Math.c,430 :: 		
0x0010	0x0874      	MOVF       R4, 0
;__Lib_Math.c,431 :: 		
0x0011	0x02F8      	SUBWF      R8, 1
;__Lib_Math.c,432 :: 		
0x0012	0x0875      	MOVF       R5, 0
;__Lib_Math.c,433 :: 		
0x0013	0x1C03      	BTFSS      STATUS, 0
;__Lib_Math.c,434 :: 		
0x0014	0x0F75      	INCFSZ     R5, 0
;__Lib_Math.c,435 :: 		
0x0015	0x02F9      	SUBWF      R9, 1
;__Lib_Math.c,436 :: 		
0x0016	0x0DF0      	RLF        R0, 1
;__Lib_Math.c,437 :: 		
0x0017	0x0DF1      	RLF        R1, 1
;__Lib_Math.c,439 :: 		
0x0018	0x300F      	MOVLW      15
;__Lib_Math.c,440 :: 		
0x0019	0x00FC      	MOVWF      R12
;__Lib_Math.c,442 :: 		
0x001A	0x0D71      	RLF        R1, 0
;__Lib_Math.c,443 :: 		
0x001B	0x0DF8      	RLF        R8, 1
;__Lib_Math.c,444 :: 		
0x001C	0x0DF9      	RLF        R9, 1
;__Lib_Math.c,445 :: 		
0x001D	0x0874      	MOVF       R4, 0
;__Lib_Math.c,447 :: 		
0x001E	0x1C70      	BTFSS      R0, 0
;__Lib_Math.c,448 :: 		
0x001F	0x2826      	GOTO       $+7
;__Lib_Math.c,449 :: 		
0x0020	0x02F8      	SUBWF      R8, 1
;__Lib_Math.c,450 :: 		
0x0021	0x0875      	MOVF       R5, 0
;__Lib_Math.c,451 :: 		
0x0022	0x1C03      	BTFSS      STATUS, 0
;__Lib_Math.c,452 :: 		
0x0023	0x0F75      	INCFSZ     R5, 0
;__Lib_Math.c,453 :: 		
0x0024	0x02F9      	SUBWF      R9, 1
;__Lib_Math.c,454 :: 		
0x0025	0x282B      	GOTO       $+6
;__Lib_Math.c,456 :: 		
0x0026	0x07F8      	ADDWF      R8, 1
;__Lib_Math.c,457 :: 		
0x0027	0x0875      	MOVF       R5, 0
;__Lib_Math.c,458 :: 		
0x0028	0x1803      	BTFSC      STATUS, 0
;__Lib_Math.c,459 :: 		
0x0029	0x0F75      	INCFSZ     R5, 0
;__Lib_Math.c,460 :: 		
0x002A	0x07F9      	ADDWF      R9, 1
;__Lib_Math.c,462 :: 		
0x002B	0x0DF0      	RLF        R0, 1
;__Lib_Math.c,463 :: 		
0x002C	0x0DF1      	RLF        R1, 1
;__Lib_Math.c,465 :: 		
0x002D	0x0BFC      	DECFSZ     R12, 1
;__Lib_Math.c,466 :: 		
0x002E	0x281A      	GOTO       $-20
;__Lib_Math.c,468 :: 		
0x002F	0x1870      	BTFSC      R0, 0
;__Lib_Math.c,469 :: 		
0x0030	0x2837      	GOTO       $+7
;__Lib_Math.c,470 :: 		
0x0031	0x0874      	MOVF       R4, 0
;__Lib_Math.c,471 :: 		
0x0032	0x07F8      	ADDWF      R8, 1
;__Lib_Math.c,472 :: 		
0x0033	0x0875      	MOVF       R5, 0
;__Lib_Math.c,473 :: 		
0x0034	0x1803      	BTFSC      STATUS, 0
;__Lib_Math.c,474 :: 		
0x0035	0x0F75      	INCFSZ     R5, 0
;__Lib_Math.c,475 :: 		
0x0036	0x07F9      	ADDWF      R9, 1
;__Lib_Math.c,476 :: 		
0x0037	0x0000      	NOP
;__Lib_Math.c,478 :: 		
L_end_Div_16x16_S_L:
0x0038	0x0008      	RETURN
; end of _Div_16x16_S_L
_Div_8X8_U:
;__Lib_Math.c,189 :: 		
;__Lib_Math.c,196 :: 		
0x0039	0x1283      	BCF        STATUS, 5
;__Lib_Math.c,197 :: 		
0x003A	0x1303      	BCF        STATUS, 6
;__Lib_Math.c,198 :: 		
0x003B	0x01F8      	CLRF       R8
;__Lib_Math.c,199 :: 		
0x003C	0x3008      	MOVLW      8
;__Lib_Math.c,200 :: 		
0x003D	0x00FC      	MOVWF      R12
;__Lib_Math.c,201 :: 		
0x003E	0x0D70      	RLF        R0, 0
;__Lib_Math.c,202 :: 		
0x003F	0x0DF8      	RLF        R8, 1
;__Lib_Math.c,203 :: 		
0x0040	0x0874      	MOVF       R4, 0
;__Lib_Math.c,204 :: 		
0x0041	0x02F8      	SUBWF      R8, 1
;__Lib_Math.c,205 :: 		
0x0042	0x1803      	BTFSC      STATUS, 0
;__Lib_Math.c,206 :: 		
0x0043	0x2846      	GOTO       $+3
;__Lib_Math.c,207 :: 		
0x0044	0x07F8      	ADDWF      R8, 1
;__Lib_Math.c,208 :: 		
0x0045	0x1003      	BCF        STATUS, 0
;__Lib_Math.c,209 :: 		
0x0046	0x0DF0      	RLF        R0, 1
;__Lib_Math.c,210 :: 		
0x0047	0x0BFC      	DECFSZ     R12, 1
;__Lib_Math.c,211 :: 		
0x0048	0x283E      	GOTO       $-10
;__Lib_Math.c,213 :: 		
L_end_Div_8X8_U:
0x0049	0x0008      	RETURN
; end of _Div_8X8_U
_mask:
;MAIN.c,6 :: 		unsigned short mask(unsigned short num){
;MAIN.c,7 :: 		switch (num){
0x004A	0x286B      	GOTO       L_mask0
;MAIN.c,8 :: 		case 0: return 0xC0;
L_mask2:
0x004B	0x30C0      	MOVLW      192
0x004C	0x1283      	BCF        STATUS, 5
0x004D	0x1303      	BCF        STATUS, 6
0x004E	0x00F0      	MOVWF      R0
0x004F	0x2895      	GOTO       L_end_mask
;MAIN.c,9 :: 		case 1: return 0xF9;
L_mask3:
0x0050	0x30F9      	MOVLW      249
0x0051	0x00F0      	MOVWF      R0
0x0052	0x2895      	GOTO       L_end_mask
;MAIN.c,10 :: 		case 2: return 0xA4;
L_mask4:
0x0053	0x30A4      	MOVLW      164
0x0054	0x00F0      	MOVWF      R0
0x0055	0x2895      	GOTO       L_end_mask
;MAIN.c,11 :: 		case 3: return 0xB0;
L_mask5:
0x0056	0x30B0      	MOVLW      176
0x0057	0x00F0      	MOVWF      R0
0x0058	0x2895      	GOTO       L_end_mask
;MAIN.c,12 :: 		case 4: return 0x99;
L_mask6:
0x0059	0x3099      	MOVLW      153
0x005A	0x00F0      	MOVWF      R0
0x005B	0x2895      	GOTO       L_end_mask
;MAIN.c,13 :: 		case 5: return 0x92;
L_mask7:
0x005C	0x3092      	MOVLW      146
0x005D	0x00F0      	MOVWF      R0
0x005E	0x2895      	GOTO       L_end_mask
;MAIN.c,14 :: 		case 6: return 0x82;
L_mask8:
0x005F	0x3082      	MOVLW      130
0x0060	0x00F0      	MOVWF      R0
0x0061	0x2895      	GOTO       L_end_mask
;MAIN.c,15 :: 		case 7: return 0xF8;
L_mask9:
0x0062	0x30F8      	MOVLW      248
0x0063	0x00F0      	MOVWF      R0
0x0064	0x2895      	GOTO       L_end_mask
;MAIN.c,16 :: 		case 8: return 0x80;
L_mask10:
0x0065	0x3080      	MOVLW      128
0x0066	0x00F0      	MOVWF      R0
0x0067	0x2895      	GOTO       L_end_mask
;MAIN.c,17 :: 		case 9: return 0x90;
L_mask11:
0x0068	0x3090      	MOVLW      144
0x0069	0x00F0      	MOVWF      R0
0x006A	0x2895      	GOTO       L_end_mask
;MAIN.c,18 :: 		}
L_mask0:
0x006B	0x1283      	BCF        STATUS, 5
0x006C	0x1303      	BCF        STATUS, 6
0x006D	0x085C      	MOVF       FARG_mask_num, 0
0x006E	0x3A00      	XORLW      0
0x006F	0x1903      	BTFSC      STATUS, 2
0x0070	0x284B      	GOTO       L_mask2
0x0071	0x085C      	MOVF       FARG_mask_num, 0
0x0072	0x3A01      	XORLW      1
0x0073	0x1903      	BTFSC      STATUS, 2
0x0074	0x2850      	GOTO       L_mask3
0x0075	0x085C      	MOVF       FARG_mask_num, 0
0x0076	0x3A02      	XORLW      2
0x0077	0x1903      	BTFSC      STATUS, 2
0x0078	0x2853      	GOTO       L_mask4
0x0079	0x085C      	MOVF       FARG_mask_num, 0
0x007A	0x3A03      	XORLW      3
0x007B	0x1903      	BTFSC      STATUS, 2
0x007C	0x2856      	GOTO       L_mask5
0x007D	0x085C      	MOVF       FARG_mask_num, 0
0x007E	0x3A04      	XORLW      4
0x007F	0x1903      	BTFSC      STATUS, 2
0x0080	0x2859      	GOTO       L_mask6
0x0081	0x085C      	MOVF       FARG_mask_num, 0
0x0082	0x3A05      	XORLW      5
0x0083	0x1903      	BTFSC      STATUS, 2
0x0084	0x285C      	GOTO       L_mask7
0x0085	0x085C      	MOVF       FARG_mask_num, 0
0x0086	0x3A06      	XORLW      6
0x0087	0x1903      	BTFSC      STATUS, 2
0x0088	0x285F      	GOTO       L_mask8
0x0089	0x085C      	MOVF       FARG_mask_num, 0
0x008A	0x3A07      	XORLW      7
0x008B	0x1903      	BTFSC      STATUS, 2
0x008C	0x2862      	GOTO       L_mask9
0x008D	0x085C      	MOVF       FARG_mask_num, 0
0x008E	0x3A08      	XORLW      8
0x008F	0x1903      	BTFSC      STATUS, 2
0x0090	0x2865      	GOTO       L_mask10
0x0091	0x085C      	MOVF       FARG_mask_num, 0
0x0092	0x3A09      	XORLW      9
0x0093	0x1903      	BTFSC      STATUS, 2
0x0094	0x2868      	GOTO       L_mask11
;MAIN.c,19 :: 		}
L_end_mask:
0x0095	0x0008      	RETURN
; end of _mask
_UART1_Data_Ready:
;__Lib_UART_c67.c,16 :: 		
;__Lib_UART_c67.c,17 :: 		
0x0096	0x3000      	MOVLW      0
0x0097	0x1283      	BCF        STATUS, 5
0x0098	0x1303      	BCF        STATUS, 6
0x0099	0x1A8C      	BTFSC      PIR1, 5
0x009A	0x3001      	MOVLW      1
0x009B	0x00F0      	MOVWF      R0
;__Lib_UART_c67.c,18 :: 		
L_end_UART1_Data_Ready:
0x009C	0x0008      	RETURN
; end of _UART1_Data_Ready
_Div_16x16_S:
;__Lib_Math.c,480 :: 		
;__Lib_Math.c,488 :: 		
0x009D	0x1283      	BCF        STATUS, 5
0x009E	0x1303      	BCF        STATUS, 6
0x009F	0x0874      	MOVF       R4, 0
0x00A0	0x3A00      	XORLW      0
0x00A1	0x1D03      	BTFSS      STATUS, 2
0x00A2	0x28AC      	GOTO       L_Div_16x16_S0
;__Lib_Math.c,489 :: 		
0x00A3	0x0875      	MOVF       R5, 0
0x00A4	0x3A00      	XORLW      0
0x00A5	0x1D03      	BTFSS      STATUS, 2
0x00A6	0x28AC      	GOTO       L_Div_16x16_S1
;__Lib_Math.c,490 :: 		
0x00A7	0x30FF      	MOVLW      255
0x00A8	0x00F0      	MOVWF      R0
;__Lib_Math.c,491 :: 		
0x00A9	0x307F      	MOVLW      127
0x00AA	0x00F1      	MOVWF      R1
;__Lib_Math.c,492 :: 		
0x00AB	0x2905      	GOTO       L_end_Div_16x16_S
;__Lib_Math.c,493 :: 		
L_Div_16x16_S1:
L_Div_16x16_S0:
;__Lib_Math.c,496 :: 		
0x00AC	0x1283      	BCF        STATUS, 5
;__Lib_Math.c,497 :: 		
0x00AD	0x1303      	BCF        STATUS, 6
;__Lib_Math.c,498 :: 		
0x00AE	0x01FD      	CLRF       R13
;__Lib_Math.c,499 :: 		
0x00AF	0x01F9      	CLRF       R9
;__Lib_Math.c,500 :: 		
0x00B0	0x01F8      	CLRF       R8
;__Lib_Math.c,501 :: 		
0x00B1	0x0871      	MOVF       R1, 0
;__Lib_Math.c,502 :: 		
0x00B2	0x0470      	IORWF      R0, 0
;__Lib_Math.c,503 :: 		
0x00B3	0x1903      	BTFSC      STATUS, 2
;__Lib_Math.c,504 :: 		
0x00B4	0x3400      	RETLW      0
;__Lib_Math.c,506 :: 		
0x00B5	0x0871      	MOVF       R1, 0
;__Lib_Math.c,507 :: 		
0x00B6	0x0675      	XORWF      R5, 0
;__Lib_Math.c,508 :: 		
0x00B7	0x00FA      	MOVWF      R10
;__Lib_Math.c,509 :: 		
0x00B8	0x1BFA      	BTFSC      R10, 7
;__Lib_Math.c,510 :: 		
0x00B9	0x09FD      	COMF       R13, 1
;__Lib_Math.c,512 :: 		
0x00BA	0x01FB      	CLRF       R11
;__Lib_Math.c,514 :: 		
0x00BB	0x1FF5      	BTFSS      R5, 7
;__Lib_Math.c,515 :: 		
0x00BC	0x28C2      	GOTO       $+6
;__Lib_Math.c,517 :: 		
0x00BD	0x09F4      	COMF       R4, 1
;__Lib_Math.c,518 :: 		
0x00BE	0x09F5      	COMF       R5, 1
;__Lib_Math.c,519 :: 		
0x00BF	0x0AF4      	INCF       R4, 1
;__Lib_Math.c,520 :: 		
0x00C0	0x1903      	BTFSC      STATUS, 2
;__Lib_Math.c,521 :: 		
0x00C1	0x0AF5      	INCF       R5, 1
;__Lib_Math.c,523 :: 		
0x00C2	0x1FF1      	BTFSS      R1, 7
;__Lib_Math.c,524 :: 		
0x00C3	0x28C9      	GOTO       $+6
;__Lib_Math.c,526 :: 		
0x00C4	0x09F0      	COMF       R0, 1
;__Lib_Math.c,527 :: 		
0x00C5	0x09F1      	COMF       R1, 1
;__Lib_Math.c,528 :: 		
0x00C6	0x0AF0      	INCF       R0, 1
;__Lib_Math.c,529 :: 		
0x00C7	0x1903      	BTFSC      STATUS, 2
;__Lib_Math.c,530 :: 		
0x00C8	0x0AF1      	INCF       R1, 1
;__Lib_Math.c,532 :: 		
0x00C9	0x0871      	MOVF       R1, 0
;__Lib_Math.c,533 :: 		
0x00CA	0x0475      	IORWF      R5, 0
;__Lib_Math.c,534 :: 		
0x00CB	0x00FA      	MOVWF      R10
;__Lib_Math.c,535 :: 		
0x00CC	0x1BFA      	BTFSC      R10, 7
;__Lib_Math.c,536 :: 		
0x00CD	0x28DE      	GOTO       $+17
;__Lib_Math.c,538 :: 		
0x00CE	0x200D      	CALL       _Div_16x16_S_L
;__Lib_Math.c,540 :: 		
0x00CF	0x187B      	BTFSC      R11, 0
;__Lib_Math.c,541 :: 		
0x00D0	0x28F1      	GOTO       $+33
;__Lib_Math.c,543 :: 		
0x00D1	0x1FFD      	BTFSS      R13, 7
;__Lib_Math.c,544 :: 		
0x00D2	0x3400      	RETLW      0
;__Lib_Math.c,546 :: 		
0x00D3	0x09F0      	COMF       R0, 1
;__Lib_Math.c,547 :: 		
0x00D4	0x09F1      	COMF       R1, 1
;__Lib_Math.c,548 :: 		
0x00D5	0x0AF0      	INCF       R0, 1
;__Lib_Math.c,549 :: 		
0x00D6	0x1903      	BTFSC      STATUS, 2
;__Lib_Math.c,550 :: 		
0x00D7	0x0AF1      	INCF       R1, 1
;__Lib_Math.c,552 :: 		
0x00D8	0x09F8      	COMF       R8, 1
;__Lib_Math.c,553 :: 		
0x00D9	0x09F9      	COMF       R9, 1
;__Lib_Math.c,554 :: 		
0x00DA	0x0AF8      	INCF       R8, 1
;__Lib_Math.c,555 :: 		
0x00DB	0x1903      	BTFSC      STATUS, 2
;__Lib_Math.c,556 :: 		
0x00DC	0x0AF9      	INCF       R9, 1
;__Lib_Math.c,558 :: 		
0x00DD	0x3400      	RETLW      0
;__Lib_Math.c,560 :: 		
0x00DE	0x1FF5      	BTFSS      R5, 7
;__Lib_Math.c,561 :: 		
0x00DF	0x28ED      	GOTO       $+14
;__Lib_Math.c,562 :: 		
0x00E0	0x1BF1      	BTFSC      R1, 7
;__Lib_Math.c,563 :: 		
0x00E1	0x28E9      	GOTO       $+8
;__Lib_Math.c,564 :: 		
0x00E2	0x0871      	MOVF       R1, 0
;__Lib_Math.c,565 :: 		
0x00E3	0x00F9      	MOVWF      R9
;__Lib_Math.c,566 :: 		
0x00E4	0x0870      	MOVF       R0, 0
;__Lib_Math.c,567 :: 		
0x00E5	0x00F8      	MOVWF      R8
;__Lib_Math.c,568 :: 		
0x00E6	0x01F1      	CLRF       R1
;__Lib_Math.c,569 :: 		
0x00E7	0x01F0      	CLRF       R0
;__Lib_Math.c,570 :: 		
0x00E8	0x28D1      	GOTO       $-23
;__Lib_Math.c,571 :: 		
0x00E9	0x01F1      	CLRF       R1
;__Lib_Math.c,572 :: 		
0x00EA	0x01F0      	CLRF       R0
;__Lib_Math.c,573 :: 		
0x00EB	0x0AF0      	INCF       R0, 1
;__Lib_Math.c,574 :: 		
0x00EC	0x3400      	RETLW      0
;__Lib_Math.c,576 :: 		
0x00ED	0x09F1      	COMF       R1, 1
;__Lib_Math.c,577 :: 		
0x00EE	0x09F0      	COMF       R0, 1
;__Lib_Math.c,578 :: 		
0x00EF	0x0AFB      	INCF       R11, 1
;__Lib_Math.c,579 :: 		
0x00F0	0x28CE      	GOTO       $-34
;__Lib_Math.c,581 :: 		
0x00F1	0x0AF8      	INCF       R8, 1
;__Lib_Math.c,582 :: 		
0x00F2	0x1903      	BTFSC      STATUS, 2
;__Lib_Math.c,583 :: 		
0x00F3	0x0AF9      	INCF       R9, 1
;__Lib_Math.c,584 :: 		
0x00F4	0x0874      	MOVF       R4, 0
;__Lib_Math.c,585 :: 		
0x00F5	0x0278      	SUBWF      R8, 0
;__Lib_Math.c,586 :: 		
0x00F6	0x1D03      	BTFSS      STATUS, 2
;__Lib_Math.c,587 :: 		
0x00F7	0x28D1      	GOTO       $-38
;__Lib_Math.c,588 :: 		
0x00F8	0x0875      	MOVF       R5, 0
;__Lib_Math.c,589 :: 		
0x00F9	0x0279      	SUBWF      R9, 0
;__Lib_Math.c,590 :: 		
0x00FA	0x1D03      	BTFSS      STATUS, 2
;__Lib_Math.c,591 :: 		
0x00FB	0x28D1      	GOTO       $-42
;__Lib_Math.c,592 :: 		
0x00FC	0x01F9      	CLRF       R9
;__Lib_Math.c,593 :: 		
0x00FD	0x01F8      	CLRF       R8
;__Lib_Math.c,594 :: 		
0x00FE	0x0AF0      	INCF       R0, 1
;__Lib_Math.c,595 :: 		
0x00FF	0x1903      	BTFSC      STATUS, 2
;__Lib_Math.c,596 :: 		
0x0100	0x0AF1      	INCF       R1, 1
;__Lib_Math.c,597 :: 		
0x0101	0x1FF1      	BTFSS      R1, 7
;__Lib_Math.c,598 :: 		
0x0102	0x28D1      	GOTO       $-49
;__Lib_Math.c,599 :: 		
0x0103	0x0000      	NOP
;__Lib_Math.c,600 :: 		
0x0104	0x34FF      	RETLW      255
;__Lib_Math.c,602 :: 		
L_end_Div_16x16_S:
0x0105	0x0008      	RETURN
; end of _Div_16x16_S
_UART1_Read:
;__Lib_UART_c67.c,21 :: 		
;__Lib_UART_c67.c,24 :: 		
0x0106	0x1283      	BCF        STATUS, 5
0x0107	0x1303      	BCF        STATUS, 6
0x0108	0x081A      	MOVF       RCREG, 0
0x0109	0x00F1      	MOVWF      R1
;__Lib_UART_c67.c,25 :: 		
0x010A	0x1C98      	BTFSS      RCSTA, 1
0x010B	0x290E      	GOTO       L_UART1_Read2
;__Lib_UART_c67.c,26 :: 		
0x010C	0x1218      	BCF        RCSTA, 4
;__Lib_UART_c67.c,27 :: 		
0x010D	0x1618      	BSF        RCSTA, 4
;__Lib_UART_c67.c,28 :: 		
L_UART1_Read2:
;__Lib_UART_c67.c,29 :: 		
0x010E	0x0871      	MOVF       R1, 0
0x010F	0x00F0      	MOVWF      R0
;__Lib_UART_c67.c,30 :: 		
L_end_UART1_Read:
0x0110	0x0008      	RETURN
; end of _UART1_Read
_isdigit:
;__Lib_CType.c,23 :: 		
;__Lib_CType.c,24 :: 		
0x0111	0x1283      	BCF        STATUS, 5
0x0112	0x1303      	BCF        STATUS, 6
0x0113	0x085C      	MOVF       FARG_isdigit_character, 0
0x0114	0x3C39      	SUBLW      57
0x0115	0x1C03      	BTFSS      STATUS, 0
0x0116	0x291E      	GOTO       L_isdigit9
0x0117	0x3030      	MOVLW      48
0x0118	0x025C      	SUBWF      FARG_isdigit_character, 0
0x0119	0x1C03      	BTFSS      STATUS, 0
0x011A	0x291E      	GOTO       L_isdigit9
0x011B	0x3001      	MOVLW      1
0x011C	0x00F0      	MOVWF      R0
0x011D	0x291F      	GOTO       L_isdigit8
L_isdigit9:
0x011E	0x01F0      	CLRF       R0
L_isdigit8:
;__Lib_CType.c,25 :: 		
L_end_isdigit:
0x011F	0x0008      	RETURN
; end of _isdigit
_UART1_Write_Text:
;__Lib_UART_c67.c,47 :: 		
;__Lib_UART_c67.c,48 :: 		
0x0120	0x1283      	BCF        STATUS, 5
0x0121	0x1303      	BCF        STATUS, 6
0x0122	0x01DE      	CLRF       UART1_Write_Text_counter_L0
;__Lib_UART_c67.c,50 :: 		
0x0123	0x085C      	MOVF       FARG_UART1_Write_Text_uart_text, 0
0x0124	0x0084      	MOVWF      FSR
0x0125	0x0800      	MOVF       INDF, 0
0x0126	0x00DD      	MOVWF      UART1_Write_Text_data__L0
;__Lib_UART_c67.c,51 :: 		
L_UART1_Write_Text5:
0x0127	0x085D      	MOVF       UART1_Write_Text_data__L0, 0
0x0128	0x3A00      	XORLW      0
0x0129	0x1903      	BTFSC      STATUS, 2
0x012A	0x2935      	GOTO       L_UART1_Write_Text6
;__Lib_UART_c67.c,52 :: 		
0x012B	0x085D      	MOVF       UART1_Write_Text_data__L0, 0
0x012C	0x00DF      	MOVWF      FARG_UART1_Write_data_
0x012D	0x2003      	CALL       _UART1_Write
;__Lib_UART_c67.c,53 :: 		
0x012E	0x0ADE      	INCF       UART1_Write_Text_counter_L0, 1
;__Lib_UART_c67.c,54 :: 		
0x012F	0x085E      	MOVF       UART1_Write_Text_counter_L0, 0
0x0130	0x075C      	ADDWF      FARG_UART1_Write_Text_uart_text, 0
0x0131	0x0084      	MOVWF      FSR
0x0132	0x0800      	MOVF       INDF, 0
0x0133	0x00DD      	MOVWF      UART1_Write_Text_data__L0
;__Lib_UART_c67.c,55 :: 		
0x0134	0x2927      	GOTO       L_UART1_Write_Text5
L_UART1_Write_Text6:
;__Lib_UART_c67.c,56 :: 		
L_end_UART1_Write_Text:
0x0135	0x0008      	RETURN
; end of _UART1_Write_Text
_Mul_16X16_U:
;__Lib_Math.c,136 :: 		
;__Lib_Math.c,143 :: 		
0x0136	0x1283      	BCF        STATUS, 5
;__Lib_Math.c,144 :: 		
0x0137	0x1303      	BCF        STATUS, 6
;__Lib_Math.c,145 :: 		
0x0138	0x01FB      	CLRF       R11
;__Lib_Math.c,146 :: 		
0x0139	0x01FA      	CLRF       R10
;__Lib_Math.c,147 :: 		
0x013A	0x01F9      	CLRF       R9
;__Lib_Math.c,148 :: 		
0x013B	0x3080      	MOVLW      128
;__Lib_Math.c,149 :: 		
0x013C	0x00F8      	MOVWF      R8
;__Lib_Math.c,150 :: 		
0x013D	0x0CF1      	RRF        R1, 1
;__Lib_Math.c,151 :: 		
0x013E	0x0CF0      	RRF        R0, 1
;__Lib_Math.c,152 :: 		
0x013F	0x1C03      	BTFSS      STATUS, 0
;__Lib_Math.c,153 :: 		
0x0140	0x294A      	GOTO       $+10
;__Lib_Math.c,154 :: 		
0x0141	0x0874      	MOVF       R4, 0
;__Lib_Math.c,155 :: 		
0x0142	0x07F9      	ADDWF      R9, 1
;__Lib_Math.c,156 :: 		
0x0143	0x0875      	MOVF       R5, 0
;__Lib_Math.c,157 :: 		
0x0144	0x1803      	BTFSC      STATUS, 0
;__Lib_Math.c,158 :: 		
0x0145	0x0F75      	INCFSZ     R5, 0
;__Lib_Math.c,159 :: 		
0x0146	0x07FA      	ADDWF      R10, 1
;__Lib_Math.c,160 :: 		
0x0147	0x1803      	BTFSC      STATUS, 0
;__Lib_Math.c,161 :: 		
0x0148	0x0AFB      	INCF       R11, 1
;__Lib_Math.c,162 :: 		
0x0149	0x1003      	BCF        STATUS, 0
;__Lib_Math.c,163 :: 		
0x014A	0x1FF0      	BTFSS      R0, 7
;__Lib_Math.c,164 :: 		
0x014B	0x2952      	GOTO       $+7
;__Lib_Math.c,165 :: 		
0x014C	0x0874      	MOVF       R4, 0
;__Lib_Math.c,166 :: 		
0x014D	0x07FA      	ADDWF      R10, 1
;__Lib_Math.c,167 :: 		
0x014E	0x0875      	MOVF       R5, 0
;__Lib_Math.c,168 :: 		
0x014F	0x1803      	BTFSC      STATUS, 0
;__Lib_Math.c,169 :: 		
0x0150	0x0F75      	INCFSZ     R5, 0
;__Lib_Math.c,170 :: 		
0x0151	0x07FB      	ADDWF      R11, 1
;__Lib_Math.c,171 :: 		
0x0152	0x0CFB      	RRF        R11, 1
;__Lib_Math.c,172 :: 		
0x0153	0x0CFA      	RRF        R10, 1
;__Lib_Math.c,173 :: 		
0x0154	0x0CF9      	RRF        R9, 1
;__Lib_Math.c,174 :: 		
0x0155	0x0CF8      	RRF        R8, 1
;__Lib_Math.c,175 :: 		
0x0156	0x1C03      	BTFSS      STATUS, 0
;__Lib_Math.c,176 :: 		
0x0157	0x293D      	GOTO       $-26
;__Lib_Math.c,177 :: 		
0x0158	0x087B      	MOVF       R11, 0
;__Lib_Math.c,178 :: 		
0x0159	0x00F3      	MOVWF      R3
;__Lib_Math.c,179 :: 		
0x015A	0x087A      	MOVF       R10, 0
;__Lib_Math.c,180 :: 		
0x015B	0x00F2      	MOVWF      R2
;__Lib_Math.c,181 :: 		
0x015C	0x0879      	MOVF       R9, 0
;__Lib_Math.c,182 :: 		
0x015D	0x00F1      	MOVWF      R1
;__Lib_Math.c,183 :: 		
0x015E	0x0878      	MOVF       R8, 0
;__Lib_Math.c,184 :: 		
0x015F	0x00F0      	MOVWF      R0
;__Lib_Math.c,187 :: 		
L_end_Mul_16X16_U:
0x0160	0x0008      	RETURN
; end of _Mul_16X16_U
_____DoICP:
;__Lib_System.c,6 :: 		
;__Lib_System.c,9 :: 		
0x0161	0x1283      	BCF        STATUS, 5
0x0162	0x1303      	BCF        STATUS, 6
0x0163	0x0852      	MOVF       ___DoICPAddr+1, 0
0x0164	0x008A      	MOVWF      PCLATH
;__Lib_System.c,10 :: 		
0x0165	0x0851      	MOVF       ___DoICPAddr, 0
0x0166	0x0082      	MOVWF      PCL
;__Lib_System.c,12 :: 		
L_end_____DoICP:
0x0167	0x0008      	RETURN
; end of _____DoICP
_dendo_xanh1:
;MAIN.c,21 :: 		void dendo_xanh1(int time, int plustime){
;MAIN.c,22 :: 		for(i = time; i >= 1; i--){
0x0168	0x1283      	BCF        STATUS, 5
0x0169	0x1303      	BCF        STATUS, 6
0x016A	0x0855      	MOVF       FARG_dendo_xanh1_time, 0
0x016B	0x00D0      	MOVWF      _i
L_dendo_xanh112:
0x016C	0x3001      	MOVLW      1
0x016D	0x0250      	SUBWF      _i, 0
0x016E	0x1C03      	BTFSS      STATUS, 0
0x016F	0x2A04      	GOTO       L_dendo_xanh113
;MAIN.c,23 :: 		PORTC.F0 = 1;
0x0170	0x1407      	BSF        PORTC, 0
;MAIN.c,24 :: 		PORTC.F1 = 0;
0x0171	0x1087      	BCF        PORTC, 1
;MAIN.c,25 :: 		PORTC.F2 = 0;
0x0172	0x1107      	BCF        PORTC, 2
;MAIN.c,26 :: 		PORTC.F3 = 0;
0x0173	0x1187      	BCF        PORTC, 3
;MAIN.c,27 :: 		PORTC.F4 = 0;
0x0174	0x1207      	BCF        PORTC, 4
;MAIN.c,28 :: 		PORTC.F5 = 1;
0x0175	0x1687      	BSF        PORTC, 5
;MAIN.c,29 :: 		UART1_Write_Text("13&");
0x0176	0x3024      	MOVLW      ?lstr1_MAIN
0x0177	0x00DC      	MOVWF      FARG_UART1_Write_Text_uart_text
0x0178	0x2120      	CALL       _UART1_Write_Text
;MAIN.c,30 :: 		for( j = 20; j >= 1; j--){
0x0179	0x3014      	MOVLW      20
0x017A	0x00CF      	MOVWF      _j
L_dendo_xanh115:
0x017B	0x3001      	MOVLW      1
0x017C	0x024F      	SUBWF      _j, 0
0x017D	0x1C03      	BTFSS      STATUS, 0
0x017E	0x2A02      	GOTO       L_dendo_xanh116
;MAIN.c,31 :: 		PORTD = mask((i + plustime) % 10);
0x017F	0x0857      	MOVF       FARG_dendo_xanh1_plustime, 0
0x0180	0x0750      	ADDWF      _i, 0
0x0181	0x00F0      	MOVWF      R0
0x0182	0x3000      	MOVLW      0
0x0183	0x1803      	BTFSC      STATUS, 0
0x0184	0x3E01      	ADDLW      1
0x0185	0x0758      	ADDWF      FARG_dendo_xanh1_plustime+1, 0
0x0186	0x00F1      	MOVWF      R0+1
0x0187	0x300A      	MOVLW      10
0x0188	0x00F4      	MOVWF      R4
0x0189	0x3000      	MOVLW      0
0x018A	0x00F5      	MOVWF      R4+1
0x018B	0x209D      	CALL       _Div_16x16_S
0x018C	0x0878      	MOVF       R8, 0
0x018D	0x00F0      	MOVWF      R0
0x018E	0x0879      	MOVF       R8+1, 0
0x018F	0x00F1      	MOVWF      R0+1
0x0190	0x0870      	MOVF       R0, 0
0x0191	0x00DC      	MOVWF      FARG_mask_num
0x0192	0x204A      	CALL       _mask
0x0193	0x1283      	BCF        STATUS, 5
0x0194	0x1303      	BCF        STATUS, 6
0x0195	0x0870      	MOVF       R0, 0
0x0196	0x0088      	MOVWF      PORTD
;MAIN.c,32 :: 		PORTA.F0 = 1;
0x0197	0x1405      	BSF        PORTA, 0
;MAIN.c,33 :: 		delay_ms(10);
0x0198	0x3041      	MOVLW      65
0x0199	0x00FC      	MOVWF      R12
0x019A	0x30EE      	MOVLW      238
0x019B	0x00FD      	MOVWF      R13
L_dendo_xanh118:
0x019C	0x0BFD      	DECFSZ     R13, 1
0x019D	0x299C      	GOTO       L_dendo_xanh118
0x019E	0x0BFC      	DECFSZ     R12, 1
0x019F	0x299C      	GOTO       L_dendo_xanh118
0x01A0	0x0000      	NOP
;MAIN.c,34 :: 		PORTA.F0 = 0;
0x01A1	0x1005      	BCF        PORTA, 0
;MAIN.c,35 :: 		PORTD = mask((i + plustime) / 10);
0x01A2	0x0857      	MOVF       FARG_dendo_xanh1_plustime, 0
0x01A3	0x0750      	ADDWF      _i, 0
0x01A4	0x00F0      	MOVWF      R0
0x01A5	0x3000      	MOVLW      0
0x01A6	0x1803      	BTFSC      STATUS, 0
0x01A7	0x3E01      	ADDLW      1
0x01A8	0x0758      	ADDWF      FARG_dendo_xanh1_plustime+1, 0
0x01A9	0x00F1      	MOVWF      R0+1
0x01AA	0x300A      	MOVLW      10
0x01AB	0x00F4      	MOVWF      R4
0x01AC	0x3000      	MOVLW      0
0x01AD	0x00F5      	MOVWF      R4+1
0x01AE	0x209D      	CALL       _Div_16x16_S
0x01AF	0x0870      	MOVF       R0, 0
0x01B0	0x00DC      	MOVWF      FARG_mask_num
0x01B1	0x204A      	CALL       _mask
0x01B2	0x1283      	BCF        STATUS, 5
0x01B3	0x1303      	BCF        STATUS, 6
0x01B4	0x0870      	MOVF       R0, 0
0x01B5	0x0088      	MOVWF      PORTD
;MAIN.c,36 :: 		PORTA.F1 = 1;
0x01B6	0x1485      	BSF        PORTA, 1
;MAIN.c,37 :: 		delay_ms(10);
0x01B7	0x3041      	MOVLW      65
0x01B8	0x00FC      	MOVWF      R12
0x01B9	0x30EE      	MOVLW      238
0x01BA	0x00FD      	MOVWF      R13
L_dendo_xanh119:
0x01BB	0x0BFD      	DECFSZ     R13, 1
0x01BC	0x29BB      	GOTO       L_dendo_xanh119
0x01BD	0x0BFC      	DECFSZ     R12, 1
0x01BE	0x29BB      	GOTO       L_dendo_xanh119
0x01BF	0x0000      	NOP
;MAIN.c,38 :: 		PORTA.F1 = 0;
0x01C0	0x1085      	BCF        PORTA, 1
;MAIN.c,39 :: 		PORTB = mask(i % 10);
0x01C1	0x300A      	MOVLW      10
0x01C2	0x00F4      	MOVWF      R4
0x01C3	0x0850      	MOVF       _i, 0
0x01C4	0x00F0      	MOVWF      R0
0x01C5	0x2039      	CALL       _Div_8X8_U
0x01C6	0x0878      	MOVF       R8, 0
0x01C7	0x00F0      	MOVWF      R0
0x01C8	0x0870      	MOVF       R0, 0
0x01C9	0x00DC      	MOVWF      FARG_mask_num
0x01CA	0x204A      	CALL       _mask
0x01CB	0x1283      	BCF        STATUS, 5
0x01CC	0x1303      	BCF        STATUS, 6
0x01CD	0x0870      	MOVF       R0, 0
0x01CE	0x0086      	MOVWF      PORTB
;MAIN.c,40 :: 		PORTA.F2=1;
0x01CF	0x1505      	BSF        PORTA, 2
;MAIN.c,41 :: 		delay_ms(10);
0x01D0	0x3041      	MOVLW      65
0x01D1	0x00FC      	MOVWF      R12
0x01D2	0x30EE      	MOVLW      238
0x01D3	0x00FD      	MOVWF      R13
L_dendo_xanh120:
0x01D4	0x0BFD      	DECFSZ     R13, 1
0x01D5	0x29D4      	GOTO       L_dendo_xanh120
0x01D6	0x0BFC      	DECFSZ     R12, 1
0x01D7	0x29D4      	GOTO       L_dendo_xanh120
0x01D8	0x0000      	NOP
;MAIN.c,42 :: 		PORTA.F2=0;
0x01D9	0x1105      	BCF        PORTA, 2
;MAIN.c,43 :: 		PORTB = mask(i / 10);
0x01DA	0x300A      	MOVLW      10
0x01DB	0x00F4      	MOVWF      R4
0x01DC	0x0850      	MOVF       _i, 0
0x01DD	0x00F0      	MOVWF      R0
0x01DE	0x2039      	CALL       _Div_8X8_U
0x01DF	0x0870      	MOVF       R0, 0
0x01E0	0x00DC      	MOVWF      FARG_mask_num
0x01E1	0x204A      	CALL       _mask
0x01E2	0x1283      	BCF        STATUS, 5
0x01E3	0x1303      	BCF        STATUS, 6
0x01E4	0x0870      	MOVF       R0, 0
0x01E5	0x0086      	MOVWF      PORTB
;MAIN.c,44 :: 		PORTA.F3=1;
0x01E6	0x1585      	BSF        PORTA, 3
;MAIN.c,45 :: 		delay_ms(10);
0x01E7	0x3041      	MOVLW      65
0x01E8	0x00FC      	MOVWF      R12
0x01E9	0x30EE      	MOVLW      238
0x01EA	0x00FD      	MOVWF      R13
L_dendo_xanh121:
0x01EB	0x0BFD      	DECFSZ     R13, 1
0x01EC	0x29EB      	GOTO       L_dendo_xanh121
0x01ED	0x0BFC      	DECFSZ     R12, 1
0x01EE	0x29EB      	GOTO       L_dendo_xanh121
0x01EF	0x0000      	NOP
;MAIN.c,46 :: 		PORTA.F3=0;
0x01F0	0x1185      	BCF        PORTA, 3
;MAIN.c,47 :: 		delay_ms(10);
0x01F1	0x3041      	MOVLW      65
0x01F2	0x00FC      	MOVWF      R12
0x01F3	0x30EE      	MOVLW      238
0x01F4	0x00FD      	MOVWF      R13
L_dendo_xanh122:
0x01F5	0x0BFD      	DECFSZ     R13, 1
0x01F6	0x29F5      	GOTO       L_dendo_xanh122
0x01F7	0x0BFC      	DECFSZ     R12, 1
0x01F8	0x29F5      	GOTO       L_dendo_xanh122
0x01F9	0x0000      	NOP
;MAIN.c,48 :: 		if(UART1_Data_Ready() == 1){
0x01FA	0x2096      	CALL       _UART1_Data_Ready
0x01FB	0x0870      	MOVF       R0, 0
0x01FC	0x3A01      	XORLW      1
0x01FD	0x1D03      	BTFSS      STATUS, 2
0x01FE	0x2A00      	GOTO       L_dendo_xanh123
;MAIN.c,49 :: 		return;
0x01FF	0x2A04      	GOTO       L_end_dendo_xanh1
;MAIN.c,50 :: 		}
L_dendo_xanh123:
;MAIN.c,30 :: 		for( j = 20; j >= 1; j--){
0x0200	0x03CF      	DECF       _j, 1
;MAIN.c,51 :: 		}
0x0201	0x297B      	GOTO       L_dendo_xanh115
L_dendo_xanh116:
;MAIN.c,22 :: 		for(i = time; i >= 1; i--){
0x0202	0x03D0      	DECF       _i, 1
;MAIN.c,52 :: 		}
0x0203	0x296C      	GOTO       L_dendo_xanh112
L_dendo_xanh113:
;MAIN.c,53 :: 		}
L_end_dendo_xanh1:
0x0204	0x0008      	RETURN
; end of _dendo_xanh1
_atoi:
;__Lib_CStdlib.c,181 :: 		
;__Lib_CStdlib.c,186 :: 		
___atoi_skipws_atoi:
;__Lib_CStdlib.c,187 :: 		
0x0205	0x1283      	BCF        STATUS, 5
0x0206	0x1303      	BCF        STATUS, 6
0x0207	0x0855      	MOVF       FARG_atoi_s, 0
0x0208	0x0084      	MOVWF      FSR
0x0209	0x0800      	MOVF       INDF, 0
0x020A	0x00D6      	MOVWF      atoi_c_L0
0x020B	0x01D7      	CLRF       atoi_c_L0+1
0x020C	0x3000      	MOVLW      0
0x020D	0x00D7      	MOVWF      atoi_c_L0+1
;__Lib_CStdlib.c,188 :: 		
0x020E	0x3000      	MOVLW      0
0x020F	0x0657      	XORWF      atoi_c_L0+1, 0
0x0210	0x1D03      	BTFSS      STATUS, 2
0x0211	0x2A14      	GOTO       L__atoi100
0x0212	0x3020      	MOVLW      32
0x0213	0x0656      	XORWF      atoi_c_L0, 0
L__atoi100:
0x0214	0x1903      	BTFSC      STATUS, 2
0x0215	0x2A1F      	GOTO       L__atoi90
0x0216	0x3000      	MOVLW      0
0x0217	0x0657      	XORWF      atoi_c_L0+1, 0
0x0218	0x1D03      	BTFSS      STATUS, 2
0x0219	0x2A1C      	GOTO       L__atoi101
0x021A	0x3009      	MOVLW      9
0x021B	0x0656      	XORWF      atoi_c_L0, 0
L__atoi101:
0x021C	0x1903      	BTFSC      STATUS, 2
0x021D	0x2A1F      	GOTO       L__atoi90
0x021E	0x2A21      	GOTO       L_atoi55
L__atoi90:
;__Lib_CStdlib.c,189 :: 		
0x021F	0x0AD5      	INCF       FARG_atoi_s, 1
;__Lib_CStdlib.c,190 :: 		
0x0220	0x2A05      	GOTO       ___atoi_skipws_atoi
;__Lib_CStdlib.c,191 :: 		
L_atoi55:
;__Lib_CStdlib.c,192 :: 		
0x0221	0x01D8      	CLRF       atoi_a_L0
0x0222	0x01D9      	CLRF       atoi_a_L0+1
;__Lib_CStdlib.c,193 :: 		
0x0223	0x01DA      	CLRF       atoi_sign_L0
0x0224	0x01DB      	CLRF       atoi_sign_L0+1
;__Lib_CStdlib.c,194 :: 		
0x0225	0x3000      	MOVLW      0
0x0226	0x0657      	XORWF      atoi_c_L0+1, 0
0x0227	0x1D03      	BTFSS      STATUS, 2
0x0228	0x2A2B      	GOTO       L__atoi102
0x0229	0x302D      	MOVLW      45
0x022A	0x0656      	XORWF      atoi_c_L0, 0
L__atoi102:
0x022B	0x1D03      	BTFSS      STATUS, 2
0x022C	0x2A32      	GOTO       L_atoi56
;__Lib_CStdlib.c,195 :: 		
0x022D	0x0ADA      	INCF       atoi_sign_L0, 1
0x022E	0x1903      	BTFSC      STATUS, 2
0x022F	0x0ADB      	INCF       atoi_sign_L0+1, 1
;__Lib_CStdlib.c,196 :: 		
0x0230	0x0AD5      	INCF       FARG_atoi_s, 1
;__Lib_CStdlib.c,197 :: 		
0x0231	0x2A3B      	GOTO       L_atoi57
L_atoi56:
;__Lib_CStdlib.c,199 :: 		
0x0232	0x3000      	MOVLW      0
0x0233	0x0657      	XORWF      atoi_c_L0+1, 0
0x0234	0x1D03      	BTFSS      STATUS, 2
0x0235	0x2A38      	GOTO       L__atoi103
0x0236	0x302B      	MOVLW      43
0x0237	0x0656      	XORWF      atoi_c_L0, 0
L__atoi103:
0x0238	0x1D03      	BTFSS      STATUS, 2
0x0239	0x2A3B      	GOTO       L_atoi58
;__Lib_CStdlib.c,200 :: 		
0x023A	0x0AD5      	INCF       FARG_atoi_s, 1
L_atoi58:
L_atoi57:
;__Lib_CStdlib.c,201 :: 		
___atoi_conv_atoi:
;__Lib_CStdlib.c,202 :: 		
0x023B	0x0855      	MOVF       FARG_atoi_s, 0
0x023C	0x0084      	MOVWF      FSR
0x023D	0x0800      	MOVF       INDF, 0
0x023E	0x00D6      	MOVWF      atoi_c_L0
0x023F	0x01D7      	CLRF       atoi_c_L0+1
0x0240	0x3000      	MOVLW      0
0x0241	0x00D7      	MOVWF      atoi_c_L0+1
;__Lib_CStdlib.c,203 :: 		
0x0242	0x0856      	MOVF       atoi_c_L0, 0
0x0243	0x00DC      	MOVWF      FARG_isdigit_character
0x0244	0x2111      	CALL       _isdigit
0x0245	0x0870      	MOVF       R0, 0
0x0246	0x1903      	BTFSC      STATUS, 2
0x0247	0x2A63      	GOTO       L_atoi59
;__Lib_CStdlib.c,204 :: 		
0x0248	0x0858      	MOVF       atoi_a_L0, 0
0x0249	0x00F0      	MOVWF      R0
0x024A	0x0859      	MOVF       atoi_a_L0+1, 0
0x024B	0x00F1      	MOVWF      R0+1
0x024C	0x300A      	MOVLW      10
0x024D	0x00F4      	MOVWF      R4
0x024E	0x3000      	MOVLW      0
0x024F	0x00F5      	MOVWF      R4+1
0x0250	0x2136      	CALL       _Mul_16X16_U
0x0251	0x3030      	MOVLW      48
0x0252	0x0256      	SUBWF      atoi_c_L0, 0
0x0253	0x00F2      	MOVWF      R2
0x0254	0x3000      	MOVLW      0
0x0255	0x1C03      	BTFSS      STATUS, 0
0x0256	0x3E01      	ADDLW      1
0x0257	0x0257      	SUBWF      atoi_c_L0+1, 0
0x0258	0x00F3      	MOVWF      R2+1
0x0259	0x0872      	MOVF       R2, 0
0x025A	0x0770      	ADDWF      R0, 0
0x025B	0x00D8      	MOVWF      atoi_a_L0
0x025C	0x0871      	MOVF       R0+1, 0
0x025D	0x1803      	BTFSC      STATUS, 0
0x025E	0x3E01      	ADDLW      1
0x025F	0x0773      	ADDWF      R2+1, 0
0x0260	0x00D9      	MOVWF      atoi_a_L0+1
;__Lib_CStdlib.c,205 :: 		
0x0261	0x0AD5      	INCF       FARG_atoi_s, 1
;__Lib_CStdlib.c,206 :: 		
0x0262	0x2A3B      	GOTO       ___atoi_conv_atoi
;__Lib_CStdlib.c,207 :: 		
L_atoi59:
;__Lib_CStdlib.c,208 :: 		
0x0263	0x085A      	MOVF       atoi_sign_L0, 0
0x0264	0x045B      	IORWF      atoi_sign_L0+1, 0
0x0265	0x1903      	BTFSC      STATUS, 2
0x0266	0x2A70      	GOTO       L_atoi60
;__Lib_CStdlib.c,209 :: 		
0x0267	0x0858      	MOVF       atoi_a_L0, 0
0x0268	0x3C00      	SUBLW      0
0x0269	0x00F0      	MOVWF      R0
0x026A	0x0859      	MOVF       atoi_a_L0+1, 0
0x026B	0x1C03      	BTFSS      STATUS, 0
0x026C	0x3E01      	ADDLW      1
0x026D	0x01F1      	CLRF       R0+1
0x026E	0x02F1      	SUBWF      R0+1, 1
0x026F	0x2A74      	GOTO       L_end_atoi
L_atoi60:
;__Lib_CStdlib.c,210 :: 		
0x0270	0x0858      	MOVF       atoi_a_L0, 0
0x0271	0x00F0      	MOVWF      R0
0x0272	0x0859      	MOVF       atoi_a_L0+1, 0
0x0273	0x00F1      	MOVWF      R0+1
;__Lib_CStdlib.c,211 :: 		
L_end_atoi:
0x0274	0x0008      	RETURN
; end of _atoi
_dendo_vang1:
;MAIN.c,54 :: 		void dendo_vang1(int plustime){
;MAIN.c,55 :: 		for(i = plustime; i >= 1; i--){
0x0275	0x1283      	BCF        STATUS, 5
0x0276	0x1303      	BCF        STATUS, 6
0x0277	0x0855      	MOVF       FARG_dendo_vang1_plustime, 0
0x0278	0x00D0      	MOVWF      _i
L_dendo_vang124:
0x0279	0x3001      	MOVLW      1
0x027A	0x0250      	SUBWF      _i, 0
0x027B	0x1C03      	BTFSS      STATUS, 0
0x027C	0x2AFF      	GOTO       L_dendo_vang125
;MAIN.c,56 :: 		PORTC.F0 = 1;
0x027D	0x1407      	BSF        PORTC, 0
;MAIN.c,57 :: 		PORTC.F1 = 0;
0x027E	0x1087      	BCF        PORTC, 1
;MAIN.c,58 :: 		PORTC.F2 = 0;
0x027F	0x1107      	BCF        PORTC, 2
;MAIN.c,59 :: 		PORTC.F3 = 0;
0x0280	0x1187      	BCF        PORTC, 3
;MAIN.c,60 :: 		PORTC.F4 = 1;
0x0281	0x1607      	BSF        PORTC, 4
;MAIN.c,61 :: 		PORTC.F5 = 0;
0x0282	0x1287      	BCF        PORTC, 5
;MAIN.c,62 :: 		UART1_Write_Text("12&");
0x0283	0x302A      	MOVLW      ?lstr2_MAIN
0x0284	0x00DC      	MOVWF      FARG_UART1_Write_Text_uart_text
0x0285	0x2120      	CALL       _UART1_Write_Text
;MAIN.c,63 :: 		for( j = 20; j >= 1; j--){
0x0286	0x3014      	MOVLW      20
0x0287	0x00CF      	MOVWF      _j
L_dendo_vang127:
0x0288	0x3001      	MOVLW      1
0x0289	0x024F      	SUBWF      _j, 0
0x028A	0x1C03      	BTFSS      STATUS, 0
0x028B	0x2AFD      	GOTO       L_dendo_vang128
;MAIN.c,64 :: 		PORTD = mask(i % 10);
0x028C	0x300A      	MOVLW      10
0x028D	0x00F4      	MOVWF      R4
0x028E	0x0850      	MOVF       _i, 0
0x028F	0x00F0      	MOVWF      R0
0x0290	0x2039      	CALL       _Div_8X8_U
0x0291	0x0878      	MOVF       R8, 0
0x0292	0x00F0      	MOVWF      R0
0x0293	0x0870      	MOVF       R0, 0
0x0294	0x00DC      	MOVWF      FARG_mask_num
0x0295	0x204A      	CALL       _mask
0x0296	0x1283      	BCF        STATUS, 5
0x0297	0x1303      	BCF        STATUS, 6
0x0298	0x0870      	MOVF       R0, 0
0x0299	0x0088      	MOVWF      PORTD
;MAIN.c,65 :: 		PORTA.F0 = 1;
0x029A	0x1405      	BSF        PORTA, 0
;MAIN.c,66 :: 		delay_ms(10);
0x029B	0x3041      	MOVLW      65
0x029C	0x00FC      	MOVWF      R12
0x029D	0x30EE      	MOVLW      238
0x029E	0x00FD      	MOVWF      R13
L_dendo_vang130:
0x029F	0x0BFD      	DECFSZ     R13, 1
0x02A0	0x2A9F      	GOTO       L_dendo_vang130
0x02A1	0x0BFC      	DECFSZ     R12, 1
0x02A2	0x2A9F      	GOTO       L_dendo_vang130
0x02A3	0x0000      	NOP
;MAIN.c,67 :: 		PORTA.F0 = 0;
0x02A4	0x1005      	BCF        PORTA, 0
;MAIN.c,68 :: 		PORTD = mask(i / 10);
0x02A5	0x300A      	MOVLW      10
0x02A6	0x00F4      	MOVWF      R4
0x02A7	0x0850      	MOVF       _i, 0
0x02A8	0x00F0      	MOVWF      R0
0x02A9	0x2039      	CALL       _Div_8X8_U
0x02AA	0x0870      	MOVF       R0, 0
0x02AB	0x00DC      	MOVWF      FARG_mask_num
0x02AC	0x204A      	CALL       _mask
0x02AD	0x1283      	BCF        STATUS, 5
0x02AE	0x1303      	BCF        STATUS, 6
0x02AF	0x0870      	MOVF       R0, 0
0x02B0	0x0088      	MOVWF      PORTD
;MAIN.c,69 :: 		PORTA.F1 = 1;
0x02B1	0x1485      	BSF        PORTA, 1
;MAIN.c,70 :: 		delay_ms(10);
0x02B2	0x3041      	MOVLW      65
0x02B3	0x00FC      	MOVWF      R12
0x02B4	0x30EE      	MOVLW      238
0x02B5	0x00FD      	MOVWF      R13
L_dendo_vang131:
0x02B6	0x0BFD      	DECFSZ     R13, 1
0x02B7	0x2AB6      	GOTO       L_dendo_vang131
0x02B8	0x0BFC      	DECFSZ     R12, 1
0x02B9	0x2AB6      	GOTO       L_dendo_vang131
0x02BA	0x0000      	NOP
;MAIN.c,71 :: 		PORTA.F1 = 0;
0x02BB	0x1085      	BCF        PORTA, 1
;MAIN.c,72 :: 		PORTB = mask(i % 10);
0x02BC	0x300A      	MOVLW      10
0x02BD	0x00F4      	MOVWF      R4
0x02BE	0x0850      	MOVF       _i, 0
0x02BF	0x00F0      	MOVWF      R0
0x02C0	0x2039      	CALL       _Div_8X8_U
0x02C1	0x0878      	MOVF       R8, 0
0x02C2	0x00F0      	MOVWF      R0
0x02C3	0x0870      	MOVF       R0, 0
0x02C4	0x00DC      	MOVWF      FARG_mask_num
0x02C5	0x204A      	CALL       _mask
0x02C6	0x1283      	BCF        STATUS, 5
0x02C7	0x1303      	BCF        STATUS, 6
0x02C8	0x0870      	MOVF       R0, 0
0x02C9	0x0086      	MOVWF      PORTB
;MAIN.c,73 :: 		PORTA.F2=1;
0x02CA	0x1505      	BSF        PORTA, 2
;MAIN.c,74 :: 		delay_ms(10);
0x02CB	0x3041      	MOVLW      65
0x02CC	0x00FC      	MOVWF      R12
0x02CD	0x30EE      	MOVLW      238
0x02CE	0x00FD      	MOVWF      R13
L_dendo_vang132:
0x02CF	0x0BFD      	DECFSZ     R13, 1
0x02D0	0x2ACF      	GOTO       L_dendo_vang132
0x02D1	0x0BFC      	DECFSZ     R12, 1
0x02D2	0x2ACF      	GOTO       L_dendo_vang132
0x02D3	0x0000      	NOP
;MAIN.c,75 :: 		PORTA.F2=0;
0x02D4	0x1105      	BCF        PORTA, 2
;MAIN.c,76 :: 		PORTB = mask(i / 10);
0x02D5	0x300A      	MOVLW      10
0x02D6	0x00F4      	MOVWF      R4
0x02D7	0x0850      	MOVF       _i, 0
0x02D8	0x00F0      	MOVWF      R0
0x02D9	0x2039      	CALL       _Div_8X8_U
0x02DA	0x0870      	MOVF       R0, 0
0x02DB	0x00DC      	MOVWF      FARG_mask_num
0x02DC	0x204A      	CALL       _mask
0x02DD	0x1283      	BCF        STATUS, 5
0x02DE	0x1303      	BCF        STATUS, 6
0x02DF	0x0870      	MOVF       R0, 0
0x02E0	0x0086      	MOVWF      PORTB
;MAIN.c,77 :: 		PORTA.F3=1;
0x02E1	0x1585      	BSF        PORTA, 3
;MAIN.c,78 :: 		delay_ms(10);
0x02E2	0x3041      	MOVLW      65
0x02E3	0x00FC      	MOVWF      R12
0x02E4	0x30EE      	MOVLW      238
0x02E5	0x00FD      	MOVWF      R13
L_dendo_vang133:
0x02E6	0x0BFD      	DECFSZ     R13, 1
0x02E7	0x2AE6      	GOTO       L_dendo_vang133
0x02E8	0x0BFC      	DECFSZ     R12, 1
0x02E9	0x2AE6      	GOTO       L_dendo_vang133
0x02EA	0x0000      	NOP
;MAIN.c,79 :: 		PORTA.F3=0;
0x02EB	0x1185      	BCF        PORTA, 3
;MAIN.c,80 :: 		delay_ms(10);
0x02EC	0x3041      	MOVLW      65
0x02ED	0x00FC      	MOVWF      R12
0x02EE	0x30EE      	MOVLW      238
0x02EF	0x00FD      	MOVWF      R13
L_dendo_vang134:
0x02F0	0x0BFD      	DECFSZ     R13, 1
0x02F1	0x2AF0      	GOTO       L_dendo_vang134
0x02F2	0x0BFC      	DECFSZ     R12, 1
0x02F3	0x2AF0      	GOTO       L_dendo_vang134
0x02F4	0x0000      	NOP
;MAIN.c,81 :: 		if(UART1_Data_Ready() == 1){
0x02F5	0x2096      	CALL       _UART1_Data_Ready
0x02F6	0x0870      	MOVF       R0, 0
0x02F7	0x3A01      	XORLW      1
0x02F8	0x1D03      	BTFSS      STATUS, 2
0x02F9	0x2AFB      	GOTO       L_dendo_vang135
;MAIN.c,82 :: 		return;
0x02FA	0x2AFF      	GOTO       L_end_dendo_vang1
;MAIN.c,83 :: 		}
L_dendo_vang135:
;MAIN.c,63 :: 		for( j = 20; j >= 1; j--){
0x02FB	0x03CF      	DECF       _j, 1
;MAIN.c,84 :: 		}
0x02FC	0x2A88      	GOTO       L_dendo_vang127
L_dendo_vang128:
;MAIN.c,55 :: 		for(i = plustime; i >= 1; i--){
0x02FD	0x03D0      	DECF       _i, 1
;MAIN.c,85 :: 		}
0x02FE	0x2A79      	GOTO       L_dendo_vang124
L_dendo_vang125:
;MAIN.c,86 :: 		}
L_end_dendo_vang1:
0x02FF	0x0008      	RETURN
; end of _dendo_vang1
_dendo_xanh2:
;MAIN.c,88 :: 		void dendo_xanh2(int time, int plustime){
;MAIN.c,89 :: 		for(i = time; i >= 1; i--){
0x0300	0x1283      	BCF        STATUS, 5
0x0301	0x1303      	BCF        STATUS, 6
0x0302	0x0855      	MOVF       FARG_dendo_xanh2_time, 0
0x0303	0x00D0      	MOVWF      _i
L_dendo_xanh236:
0x0304	0x3001      	MOVLW      1
0x0305	0x0250      	SUBWF      _i, 0
0x0306	0x1C03      	BTFSS      STATUS, 0
0x0307	0x2B9C      	GOTO       L_dendo_xanh237
;MAIN.c,90 :: 		PORTC.F0 = 0;
0x0308	0x1007      	BCF        PORTC, 0
;MAIN.c,91 :: 		PORTC.F1 = 0;
0x0309	0x1087      	BCF        PORTC, 1
;MAIN.c,92 :: 		PORTC.F2 = 1;
0x030A	0x1507      	BSF        PORTC, 2
;MAIN.c,93 :: 		PORTC.F3 = 1;
0x030B	0x1587      	BSF        PORTC, 3
;MAIN.c,94 :: 		PORTC.F4 = 0;
0x030C	0x1207      	BCF        PORTC, 4
;MAIN.c,95 :: 		PORTC.F5 = 0;
0x030D	0x1287      	BCF        PORTC, 5
;MAIN.c,96 :: 		UART1_Write_Text("31&");
0x030E	0x302E      	MOVLW      ?lstr3_MAIN
0x030F	0x00DC      	MOVWF      FARG_UART1_Write_Text_uart_text
0x0310	0x2120      	CALL       _UART1_Write_Text
;MAIN.c,97 :: 		for( j = 20; j >= 1; j--){
0x0311	0x3014      	MOVLW      20
0x0312	0x00CF      	MOVWF      _j
L_dendo_xanh239:
0x0313	0x3001      	MOVLW      1
0x0314	0x024F      	SUBWF      _j, 0
0x0315	0x1C03      	BTFSS      STATUS, 0
0x0316	0x2B9A      	GOTO       L_dendo_xanh240
;MAIN.c,98 :: 		PORTD = mask((i + plustime) % 10);
0x0317	0x0857      	MOVF       FARG_dendo_xanh2_plustime, 0
0x0318	0x0750      	ADDWF      _i, 0
0x0319	0x00F0      	MOVWF      R0
0x031A	0x3000      	MOVLW      0
0x031B	0x1803      	BTFSC      STATUS, 0
0x031C	0x3E01      	ADDLW      1
0x031D	0x0758      	ADDWF      FARG_dendo_xanh2_plustime+1, 0
0x031E	0x00F1      	MOVWF      R0+1
0x031F	0x300A      	MOVLW      10
0x0320	0x00F4      	MOVWF      R4
0x0321	0x3000      	MOVLW      0
0x0322	0x00F5      	MOVWF      R4+1
0x0323	0x209D      	CALL       _Div_16x16_S
0x0324	0x0878      	MOVF       R8, 0
0x0325	0x00F0      	MOVWF      R0
0x0326	0x0879      	MOVF       R8+1, 0
0x0327	0x00F1      	MOVWF      R0+1
0x0328	0x0870      	MOVF       R0, 0
0x0329	0x00DC      	MOVWF      FARG_mask_num
0x032A	0x204A      	CALL       _mask
0x032B	0x1283      	BCF        STATUS, 5
0x032C	0x1303      	BCF        STATUS, 6
0x032D	0x0870      	MOVF       R0, 0
0x032E	0x0088      	MOVWF      PORTD
;MAIN.c,99 :: 		PORTA.F0 = 1;
0x032F	0x1405      	BSF        PORTA, 0
;MAIN.c,100 :: 		delay_ms(10);
0x0330	0x3041      	MOVLW      65
0x0331	0x00FC      	MOVWF      R12
0x0332	0x30EE      	MOVLW      238
0x0333	0x00FD      	MOVWF      R13
L_dendo_xanh242:
0x0334	0x0BFD      	DECFSZ     R13, 1
0x0335	0x2B34      	GOTO       L_dendo_xanh242
0x0336	0x0BFC      	DECFSZ     R12, 1
0x0337	0x2B34      	GOTO       L_dendo_xanh242
0x0338	0x0000      	NOP
;MAIN.c,101 :: 		PORTA.F0 = 0;
0x0339	0x1005      	BCF        PORTA, 0
;MAIN.c,102 :: 		PORTD = mask((i + plustime) / 10);
0x033A	0x0857      	MOVF       FARG_dendo_xanh2_plustime, 0
0x033B	0x0750      	ADDWF      _i, 0
0x033C	0x00F0      	MOVWF      R0
0x033D	0x3000      	MOVLW      0
0x033E	0x1803      	BTFSC      STATUS, 0
0x033F	0x3E01      	ADDLW      1
0x0340	0x0758      	ADDWF      FARG_dendo_xanh2_plustime+1, 0
0x0341	0x00F1      	MOVWF      R0+1
0x0342	0x300A      	MOVLW      10
0x0343	0x00F4      	MOVWF      R4
0x0344	0x3000      	MOVLW      0
0x0345	0x00F5      	MOVWF      R4+1
0x0346	0x209D      	CALL       _Div_16x16_S
0x0347	0x0870      	MOVF       R0, 0
0x0348	0x00DC      	MOVWF      FARG_mask_num
0x0349	0x204A      	CALL       _mask
0x034A	0x1283      	BCF        STATUS, 5
0x034B	0x1303      	BCF        STATUS, 6
0x034C	0x0870      	MOVF       R0, 0
0x034D	0x0088      	MOVWF      PORTD
;MAIN.c,103 :: 		PORTA.F1 = 1;
0x034E	0x1485      	BSF        PORTA, 1
;MAIN.c,104 :: 		delay_ms(10);
0x034F	0x3041      	MOVLW      65
0x0350	0x00FC      	MOVWF      R12
0x0351	0x30EE      	MOVLW      238
0x0352	0x00FD      	MOVWF      R13
L_dendo_xanh243:
0x0353	0x0BFD      	DECFSZ     R13, 1
0x0354	0x2B53      	GOTO       L_dendo_xanh243
0x0355	0x0BFC      	DECFSZ     R12, 1
0x0356	0x2B53      	GOTO       L_dendo_xanh243
0x0357	0x0000      	NOP
;MAIN.c,105 :: 		PORTA.F1 = 0;
0x0358	0x1085      	BCF        PORTA, 1
;MAIN.c,106 :: 		PORTB = mask(i % 10);
0x0359	0x300A      	MOVLW      10
0x035A	0x00F4      	MOVWF      R4
0x035B	0x0850      	MOVF       _i, 0
0x035C	0x00F0      	MOVWF      R0
0x035D	0x2039      	CALL       _Div_8X8_U
0x035E	0x0878      	MOVF       R8, 0
0x035F	0x00F0      	MOVWF      R0
0x0360	0x0870      	MOVF       R0, 0
0x0361	0x00DC      	MOVWF      FARG_mask_num
0x0362	0x204A      	CALL       _mask
0x0363	0x1283      	BCF        STATUS, 5
0x0364	0x1303      	BCF        STATUS, 6
0x0365	0x0870      	MOVF       R0, 0
0x0366	0x0086      	MOVWF      PORTB
;MAIN.c,107 :: 		PORTA.F2=1;
0x0367	0x1505      	BSF        PORTA, 2
;MAIN.c,108 :: 		delay_ms(10);
0x0368	0x3041      	MOVLW      65
0x0369	0x00FC      	MOVWF      R12
0x036A	0x30EE      	MOVLW      238
0x036B	0x00FD      	MOVWF      R13
L_dendo_xanh244:
0x036C	0x0BFD      	DECFSZ     R13, 1
0x036D	0x2B6C      	GOTO       L_dendo_xanh244
0x036E	0x0BFC      	DECFSZ     R12, 1
0x036F	0x2B6C      	GOTO       L_dendo_xanh244
0x0370	0x0000      	NOP
;MAIN.c,109 :: 		PORTA.F2=0;
0x0371	0x1105      	BCF        PORTA, 2
;MAIN.c,110 :: 		PORTB = mask(i / 10);
0x0372	0x300A      	MOVLW      10
0x0373	0x00F4      	MOVWF      R4
0x0374	0x0850      	MOVF       _i, 0
0x0375	0x00F0      	MOVWF      R0
0x0376	0x2039      	CALL       _Div_8X8_U
0x0377	0x0870      	MOVF       R0, 0
0x0378	0x00DC      	MOVWF      FARG_mask_num
0x0379	0x204A      	CALL       _mask
0x037A	0x1283      	BCF        STATUS, 5
0x037B	0x1303      	BCF        STATUS, 6
0x037C	0x0870      	MOVF       R0, 0
0x037D	0x0086      	MOVWF      PORTB
;MAIN.c,111 :: 		PORTA.F3=1;
0x037E	0x1585      	BSF        PORTA, 3
;MAIN.c,112 :: 		delay_ms(10);
0x037F	0x3041      	MOVLW      65
0x0380	0x00FC      	MOVWF      R12
0x0381	0x30EE      	MOVLW      238
0x0382	0x00FD      	MOVWF      R13
L_dendo_xanh245:
0x0383	0x0BFD      	DECFSZ     R13, 1
0x0384	0x2B83      	GOTO       L_dendo_xanh245
0x0385	0x0BFC      	DECFSZ     R12, 1
0x0386	0x2B83      	GOTO       L_dendo_xanh245
0x0387	0x0000      	NOP
;MAIN.c,113 :: 		PORTA.F3=0;
0x0388	0x1185      	BCF        PORTA, 3
;MAIN.c,114 :: 		delay_ms(10);
0x0389	0x3041      	MOVLW      65
0x038A	0x00FC      	MOVWF      R12
0x038B	0x30EE      	MOVLW      238
0x038C	0x00FD      	MOVWF      R13
L_dendo_xanh246:
0x038D	0x0BFD      	DECFSZ     R13, 1
0x038E	0x2B8D      	GOTO       L_dendo_xanh246
0x038F	0x0BFC      	DECFSZ     R12, 1
0x0390	0x2B8D      	GOTO       L_dendo_xanh246
0x0391	0x0000      	NOP
;MAIN.c,115 :: 		if(UART1_Data_Ready() == 1){
0x0392	0x2096      	CALL       _UART1_Data_Ready
0x0393	0x0870      	MOVF       R0, 0
0x0394	0x3A01      	XORLW      1
0x0395	0x1D03      	BTFSS      STATUS, 2
0x0396	0x2B98      	GOTO       L_dendo_xanh247
;MAIN.c,116 :: 		return;
0x0397	0x2B9C      	GOTO       L_end_dendo_xanh2
;MAIN.c,117 :: 		}
L_dendo_xanh247:
;MAIN.c,97 :: 		for( j = 20; j >= 1; j--){
0x0398	0x03CF      	DECF       _j, 1
;MAIN.c,118 :: 		}
0x0399	0x2B13      	GOTO       L_dendo_xanh239
L_dendo_xanh240:
;MAIN.c,89 :: 		for(i = time; i >= 1; i--){
0x039A	0x03D0      	DECF       _i, 1
;MAIN.c,119 :: 		}
0x039B	0x2B04      	GOTO       L_dendo_xanh236
L_dendo_xanh237:
;MAIN.c,120 :: 		}
L_end_dendo_xanh2:
0x039C	0x0008      	RETURN
; end of _dendo_xanh2
_UART1_Read_Text:
;__Lib_UART_c67.c,59 :: 		
;__Lib_UART_c67.c,60 :: 		
0x039D	0x1283      	BCF        STATUS, 5
0x039E	0x1303      	BCF        STATUS, 6
0x039F	0x01D9      	CLRF       UART1_Read_Text_out_idx_L0
0x03A0	0x01DA      	CLRF       UART1_Read_Text_delim_idx_L0
;__Lib_UART_c67.c,62 :: 		
L_UART1_Read_Text7:
0x03A1	0x0857      	MOVF       FARG_UART1_Read_Text_Attempts, 0
0x03A2	0x1903      	BTFSC      STATUS, 2
0x03A3	0x2BDC      	GOTO       L_UART1_Read_Text8
;__Lib_UART_c67.c,64 :: 		
0x03A4	0x0857      	MOVF       FARG_UART1_Read_Text_Attempts, 0
0x03A5	0x3AFF      	XORLW      255
0x03A6	0x1903      	BTFSC      STATUS, 2
0x03A7	0x2BA9      	GOTO       L_UART1_Read_Text9
;__Lib_UART_c67.c,65 :: 		
0x03A8	0x03D7      	DECF       FARG_UART1_Read_Text_Attempts, 1
L_UART1_Read_Text9:
;__Lib_UART_c67.c,67 :: 		
L_UART1_Read_Text10:
0x03A9	0x2096      	CALL       _UART1_Data_Ready
0x03AA	0x0870      	MOVF       R0, 0
0x03AB	0x3A00      	XORLW      0
0x03AC	0x1D03      	BTFSS      STATUS, 2
0x03AD	0x2BAF      	GOTO       L_UART1_Read_Text11
;__Lib_UART_c67.c,68 :: 		
0x03AE	0x2BA9      	GOTO       L_UART1_Read_Text10
L_UART1_Read_Text11:
;__Lib_UART_c67.c,70 :: 		
0x03AF	0x2106      	CALL       _UART1_Read
0x03B0	0x0870      	MOVF       R0, 0
0x03B1	0x00D8      	MOVWF      UART1_Read_Text_r_data_L0
;__Lib_UART_c67.c,71 :: 		
0x03B2	0x0859      	MOVF       UART1_Read_Text_out_idx_L0, 0
0x03B3	0x0755      	ADDWF      FARG_UART1_Read_Text_Output, 0
0x03B4	0x0084      	MOVWF      FSR
0x03B5	0x0870      	MOVF       R0, 0
0x03B6	0x0080      	MOVWF      INDF
0x03B7	0x0AD9      	INCF       UART1_Read_Text_out_idx_L0, 1
;__Lib_UART_c67.c,72 :: 		
0x03B8	0x085A      	MOVF       UART1_Read_Text_delim_idx_L0, 0
0x03B9	0x0756      	ADDWF      FARG_UART1_Read_Text_Delimiter, 0
0x03BA	0x0084      	MOVWF      FSR
0x03BB	0x0800      	MOVF       INDF, 0
0x03BC	0x0658      	XORWF      UART1_Read_Text_r_data_L0, 0
0x03BD	0x1D03      	BTFSS      STATUS, 2
0x03BE	0x2BC1      	GOTO       L_UART1_Read_Text12
;__Lib_UART_c67.c,73 :: 		
0x03BF	0x0ADA      	INCF       UART1_Read_Text_delim_idx_L0, 1
;__Lib_UART_c67.c,74 :: 		
0x03C0	0x2BC9      	GOTO       L_UART1_Read_Text13
L_UART1_Read_Text12:
;__Lib_UART_c67.c,76 :: 		
0x03C1	0x01DA      	CLRF       UART1_Read_Text_delim_idx_L0
;__Lib_UART_c67.c,77 :: 		
0x03C2	0x0856      	MOVF       FARG_UART1_Read_Text_Delimiter, 0
0x03C3	0x0084      	MOVWF      FSR
0x03C4	0x0800      	MOVF       INDF, 0
0x03C5	0x0658      	XORWF      UART1_Read_Text_r_data_L0, 0
0x03C6	0x1D03      	BTFSS      STATUS, 2
0x03C7	0x2BC9      	GOTO       L_UART1_Read_Text14
;__Lib_UART_c67.c,78 :: 		
0x03C8	0x0ADA      	INCF       UART1_Read_Text_delim_idx_L0, 1
;__Lib_UART_c67.c,79 :: 		
L_UART1_Read_Text14:
;__Lib_UART_c67.c,80 :: 		
L_UART1_Read_Text13:
;__Lib_UART_c67.c,82 :: 		
0x03C9	0x085A      	MOVF       UART1_Read_Text_delim_idx_L0, 0
0x03CA	0x0756      	ADDWF      FARG_UART1_Read_Text_Delimiter, 0
0x03CB	0x0084      	MOVWF      FSR
0x03CC	0x0800      	MOVF       INDF, 0
0x03CD	0x3A00      	XORLW      0
0x03CE	0x1D03      	BTFSS      STATUS, 2
0x03CF	0x2BDB      	GOTO       L_UART1_Read_Text15
;__Lib_UART_c67.c,83 :: 		
0x03D0	0x085A      	MOVF       UART1_Read_Text_delim_idx_L0, 0
0x03D1	0x0259      	SUBWF      UART1_Read_Text_out_idx_L0, 0
0x03D2	0x00F0      	MOVWF      R0
0x03D3	0x01F1      	CLRF       R0+1
0x03D4	0x1C03      	BTFSS      STATUS, 0
0x03D5	0x03F1      	DECF       R0+1, 1
0x03D6	0x0870      	MOVF       R0, 0
0x03D7	0x0755      	ADDWF      FARG_UART1_Read_Text_Output, 0
0x03D8	0x0084      	MOVWF      FSR
0x03D9	0x0180      	CLRF       INDF
;__Lib_UART_c67.c,84 :: 		
0x03DA	0x2BDF      	GOTO       L_end_UART1_Read_Text
;__Lib_UART_c67.c,85 :: 		
L_UART1_Read_Text15:
;__Lib_UART_c67.c,87 :: 		
0x03DB	0x2BA1      	GOTO       L_UART1_Read_Text7
L_UART1_Read_Text8:
;__Lib_UART_c67.c,88 :: 		
0x03DC	0x0855      	MOVF       FARG_UART1_Read_Text_Output, 0
0x03DD	0x0084      	MOVWF      FSR
0x03DE	0x0180      	CLRF       INDF
;__Lib_UART_c67.c,89 :: 		
L_end_UART1_Read_Text:
0x03DF	0x0008      	RETURN
; end of _UART1_Read_Text
_UART1_Init:
;__Lib_UART_c67.c,2 :: 		
;__Lib_UART_c67.c,5 :: 		
0x03E0	0x1683      	BSF        STATUS, 5
0x03E1	0x1303      	BCF        STATUS, 6
0x03E2	0x1698      	BSF        TXSTA, 5
;__Lib_UART_c67.c,6 :: 		
0x03E3	0x3090      	MOVLW      144
0x03E4	0x1283      	BCF        STATUS, 5
0x03E5	0x0098      	MOVWF      RCSTA
;__Lib_UART_c67.c,7 :: 		
0x03E6	0x1683      	BSF        STATUS, 5
0x03E7	0x1787      	BSF        TRISC7_bit, BitPos(TRISC7_bit+0)
;__Lib_UART_c67.c,8 :: 		
0x03E8	0x1307      	BCF        TRISC6_bit, BitPos(TRISC6_bit+0)
;__Lib_UART_c67.c,10 :: 		
L_UART1_Init0:
0x03E9	0x1283      	BCF        STATUS, 5
0x03EA	0x1E8C      	BTFSS      PIR1, 5
0x03EB	0x2BEF      	GOTO       L_UART1_Init1
;__Lib_UART_c67.c,11 :: 		
0x03EC	0x081A      	MOVF       RCREG, 0
0x03ED	0x00F0      	MOVWF      R0
0x03EE	0x2BE9      	GOTO       L_UART1_Init0
L_UART1_Init1:
;__Lib_UART_c67.c,12 :: 		
L_end_UART1_Init:
0x03EF	0x0008      	RETURN
; end of _UART1_Init
_dendo_vang2:
;MAIN.c,121 :: 		void dendo_vang2(int plustime){
;MAIN.c,122 :: 		for(i = plustime; i >= 1; i--){
0x03F0	0x1283      	BCF        STATUS, 5
0x03F1	0x1303      	BCF        STATUS, 6
0x03F2	0x0855      	MOVF       FARG_dendo_vang2_plustime, 0
0x03F3	0x00D0      	MOVWF      _i
L_dendo_vang248:
0x03F4	0x3001      	MOVLW      1
0x03F5	0x0250      	SUBWF      _i, 0
0x03F6	0x1C03      	BTFSS      STATUS, 0
0x03F7	0x2C7A      	GOTO       L_dendo_vang249
;MAIN.c,123 :: 		PORTC.F0 = 0;
0x03F8	0x1007      	BCF        PORTC, 0
;MAIN.c,124 :: 		PORTC.F1 = 1;
0x03F9	0x1487      	BSF        PORTC, 1
;MAIN.c,125 :: 		PORTC.F2 = 0;
0x03FA	0x1107      	BCF        PORTC, 2
;MAIN.c,126 :: 		PORTC.F3 = 1;
0x03FB	0x1587      	BSF        PORTC, 3
;MAIN.c,127 :: 		PORTC.F4 = 0;
0x03FC	0x1207      	BCF        PORTC, 4
;MAIN.c,128 :: 		PORTC.F5 = 0;
0x03FD	0x1287      	BCF        PORTC, 5
;MAIN.c,129 :: 		UART1_Write_Text("21&");
0x03FE	0x3020      	MOVLW      ?lstr4_MAIN
0x03FF	0x00DC      	MOVWF      FARG_UART1_Write_Text_uart_text
0x0400	0x2120      	CALL       _UART1_Write_Text
;MAIN.c,130 :: 		for(j = 20; j >= 1; j--){
0x0401	0x3014      	MOVLW      20
0x0402	0x00CF      	MOVWF      _j
L_dendo_vang251:
0x0403	0x3001      	MOVLW      1
0x0404	0x024F      	SUBWF      _j, 0
0x0405	0x1C03      	BTFSS      STATUS, 0
0x0406	0x2C78      	GOTO       L_dendo_vang252
;MAIN.c,131 :: 		PORTD = mask(i % 10);
0x0407	0x300A      	MOVLW      10
0x0408	0x00F4      	MOVWF      R4
0x0409	0x0850      	MOVF       _i, 0
0x040A	0x00F0      	MOVWF      R0
0x040B	0x2039      	CALL       _Div_8X8_U
0x040C	0x0878      	MOVF       R8, 0
0x040D	0x00F0      	MOVWF      R0
0x040E	0x0870      	MOVF       R0, 0
0x040F	0x00DC      	MOVWF      FARG_mask_num
0x0410	0x204A      	CALL       _mask
0x0411	0x1283      	BCF        STATUS, 5
0x0412	0x1303      	BCF        STATUS, 6
0x0413	0x0870      	MOVF       R0, 0
0x0414	0x0088      	MOVWF      PORTD
;MAIN.c,132 :: 		PORTA.F0 = 1;
0x0415	0x1405      	BSF        PORTA, 0
;MAIN.c,133 :: 		delay_ms(10);
0x0416	0x3041      	MOVLW      65
0x0417	0x00FC      	MOVWF      R12
0x0418	0x30EE      	MOVLW      238
0x0419	0x00FD      	MOVWF      R13
L_dendo_vang254:
0x041A	0x0BFD      	DECFSZ     R13, 1
0x041B	0x2C1A      	GOTO       L_dendo_vang254
0x041C	0x0BFC      	DECFSZ     R12, 1
0x041D	0x2C1A      	GOTO       L_dendo_vang254
0x041E	0x0000      	NOP
;MAIN.c,134 :: 		PORTA.F0 = 0;
0x041F	0x1005      	BCF        PORTA, 0
;MAIN.c,135 :: 		PORTD = mask(i / 10);
0x0420	0x300A      	MOVLW      10
0x0421	0x00F4      	MOVWF      R4
0x0422	0x0850      	MOVF       _i, 0
0x0423	0x00F0      	MOVWF      R0
0x0424	0x2039      	CALL       _Div_8X8_U
0x0425	0x0870      	MOVF       R0, 0
0x0426	0x00DC      	MOVWF      FARG_mask_num
0x0427	0x204A      	CALL       _mask
0x0428	0x1283      	BCF        STATUS, 5
0x0429	0x1303      	BCF        STATUS, 6
0x042A	0x0870      	MOVF       R0, 0
0x042B	0x0088      	MOVWF      PORTD
;MAIN.c,136 :: 		PORTA.F1 = 1;
0x042C	0x1485      	BSF        PORTA, 1
;MAIN.c,137 :: 		delay_ms(10);
0x042D	0x3041      	MOVLW      65
0x042E	0x00FC      	MOVWF      R12
0x042F	0x30EE      	MOVLW      238
0x0430	0x00FD      	MOVWF      R13
L_dendo_vang255:
0x0431	0x0BFD      	DECFSZ     R13, 1
0x0432	0x2C31      	GOTO       L_dendo_vang255
0x0433	0x0BFC      	DECFSZ     R12, 1
0x0434	0x2C31      	GOTO       L_dendo_vang255
0x0435	0x0000      	NOP
;MAIN.c,138 :: 		PORTA.F1 = 0;
0x0436	0x1085      	BCF        PORTA, 1
;MAIN.c,139 :: 		PORTB = mask(i % 10);
0x0437	0x300A      	MOVLW      10
0x0438	0x00F4      	MOVWF      R4
0x0439	0x0850      	MOVF       _i, 0
0x043A	0x00F0      	MOVWF      R0
0x043B	0x2039      	CALL       _Div_8X8_U
0x043C	0x0878      	MOVF       R8, 0
0x043D	0x00F0      	MOVWF      R0
0x043E	0x0870      	MOVF       R0, 0
0x043F	0x00DC      	MOVWF      FARG_mask_num
0x0440	0x204A      	CALL       _mask
0x0441	0x1283      	BCF        STATUS, 5
0x0442	0x1303      	BCF        STATUS, 6
0x0443	0x0870      	MOVF       R0, 0
0x0444	0x0086      	MOVWF      PORTB
;MAIN.c,140 :: 		PORTA.F2=1;
0x0445	0x1505      	BSF        PORTA, 2
;MAIN.c,141 :: 		delay_ms(10);
0x0446	0x3041      	MOVLW      65
0x0447	0x00FC      	MOVWF      R12
0x0448	0x30EE      	MOVLW      238
0x0449	0x00FD      	MOVWF      R13
L_dendo_vang256:
0x044A	0x0BFD      	DECFSZ     R13, 1
0x044B	0x2C4A      	GOTO       L_dendo_vang256
0x044C	0x0BFC      	DECFSZ     R12, 1
0x044D	0x2C4A      	GOTO       L_dendo_vang256
0x044E	0x0000      	NOP
;MAIN.c,142 :: 		PORTA.F2=0;
0x044F	0x1105      	BCF        PORTA, 2
;MAIN.c,143 :: 		PORTB = mask(i / 10);
0x0450	0x300A      	MOVLW      10
0x0451	0x00F4      	MOVWF      R4
0x0452	0x0850      	MOVF       _i, 0
0x0453	0x00F0      	MOVWF      R0
0x0454	0x2039      	CALL       _Div_8X8_U
0x0455	0x0870      	MOVF       R0, 0
0x0456	0x00DC      	MOVWF      FARG_mask_num
0x0457	0x204A      	CALL       _mask
0x0458	0x1283      	BCF        STATUS, 5
0x0459	0x1303      	BCF        STATUS, 6
0x045A	0x0870      	MOVF       R0, 0
0x045B	0x0086      	MOVWF      PORTB
;MAIN.c,144 :: 		PORTA.F3=1;
0x045C	0x1585      	BSF        PORTA, 3
;MAIN.c,145 :: 		delay_ms(10);
0x045D	0x3041      	MOVLW      65
0x045E	0x00FC      	MOVWF      R12
0x045F	0x30EE      	MOVLW      238
0x0460	0x00FD      	MOVWF      R13
L_dendo_vang257:
0x0461	0x0BFD      	DECFSZ     R13, 1
0x0462	0x2C61      	GOTO       L_dendo_vang257
0x0463	0x0BFC      	DECFSZ     R12, 1
0x0464	0x2C61      	GOTO       L_dendo_vang257
0x0465	0x0000      	NOP
;MAIN.c,146 :: 		PORTA.F3=0;
0x0466	0x1185      	BCF        PORTA, 3
;MAIN.c,147 :: 		delay_ms(10);
0x0467	0x3041      	MOVLW      65
0x0468	0x00FC      	MOVWF      R12
0x0469	0x30EE      	MOVLW      238
0x046A	0x00FD      	MOVWF      R13
L_dendo_vang258:
0x046B	0x0BFD      	DECFSZ     R13, 1
0x046C	0x2C6B      	GOTO       L_dendo_vang258
0x046D	0x0BFC      	DECFSZ     R12, 1
0x046E	0x2C6B      	GOTO       L_dendo_vang258
0x046F	0x0000      	NOP
;MAIN.c,148 :: 		if(UART1_Data_Ready() == 1){
0x0470	0x2096      	CALL       _UART1_Data_Ready
0x0471	0x0870      	MOVF       R0, 0
0x0472	0x3A01      	XORLW      1
0x0473	0x1D03      	BTFSS      STATUS, 2
0x0474	0x2C76      	GOTO       L_dendo_vang259
;MAIN.c,149 :: 		return;
0x0475	0x2C7A      	GOTO       L_end_dendo_vang2
;MAIN.c,150 :: 		}
L_dendo_vang259:
;MAIN.c,130 :: 		for(j = 20; j >= 1; j--){
0x0476	0x03CF      	DECF       _j, 1
;MAIN.c,151 :: 		}
0x0477	0x2C03      	GOTO       L_dendo_vang251
L_dendo_vang252:
;MAIN.c,122 :: 		for(i = plustime; i >= 1; i--){
0x0478	0x03D0      	DECF       _i, 1
;MAIN.c,152 :: 		}
0x0479	0x2BF4      	GOTO       L_dendo_vang248
L_dendo_vang249:
;MAIN.c,153 :: 		}
L_end_dendo_vang2:
0x047A	0x0008      	RETURN
; end of _dendo_vang2
___CC2DW:
;__Lib_System.c,134 :: 		
;__Lib_System.c,137 :: 		
_CC2D_Loop1:
;__Lib_System.c,139 :: 		
0x047B	0x2161      	CALL       _____DoICP
0x047C	0x118A      	BCF        PCLATH, 3
0x047D	0x120A      	BCF        PCLATH, 4
;__Lib_System.c,141 :: 		
0x047E	0x0080      	MOVWF      INDF
;__Lib_System.c,142 :: 		
0x047F	0x0A84      	INCF       FSR, 1
;__Lib_System.c,143 :: 		
0x0480	0x0AD1      	INCF       ___DoICPAddr, 1
;__Lib_System.c,145 :: 		
0x0481	0x1903      	BTFSC      STATUS, 2
;__Lib_System.c,146 :: 		
0x0482	0x0AD2      	INCF       ___DoICPAddr+1, 1
;__Lib_System.c,147 :: 		
0x0483	0x03F0      	DECF       R0, 1
;__Lib_System.c,149 :: 		
0x0484	0x1D03      	BTFSS      STATUS, 2
;__Lib_System.c,150 :: 		
0x0485	0x2C7B      	GOTO       _CC2D_Loop1
;__Lib_System.c,152 :: 		
L_end___CC2DW:
0x0486	0x0008      	RETURN
; end of ___CC2DW
_main:
0x0487	0x3032      	MOVLW      50
0x0488	0x1283      	BCF        STATUS, 5
0x0489	0x1303      	BCF        STATUS, 6
0x048A	0x00A0      	MOVWF      ?lstr4_MAIN
0x048B	0x3031      	MOVLW      49
0x048C	0x00A1      	MOVWF      33
0x048D	0x3026      	MOVLW      38
0x048E	0x00A2      	MOVWF      34
0x048F	0x01A3      	CLRF       35
0x0490	0x3031      	MOVLW      49
0x0491	0x00A4      	MOVWF      ?lstr1_MAIN
0x0492	0x3033      	MOVLW      51
0x0493	0x00A5      	MOVWF      37
0x0494	0x3026      	MOVLW      38
0x0495	0x00A6      	MOVWF      38
0x0496	0x01A7      	CLRF       39
0x0497	0x3021      	MOVLW      33
0x0498	0x00A8      	MOVWF      ?lstr5_MAIN
0x0499	0x01A9      	CLRF       41
0x049A	0x3031      	MOVLW      49
0x049B	0x00AA      	MOVWF      ?lstr2_MAIN
0x049C	0x3032      	MOVLW      50
0x049D	0x00AB      	MOVWF      43
0x049E	0x3026      	MOVLW      38
0x049F	0x00AC      	MOVWF      44
0x04A0	0x01AD      	CLRF       45
0x04A1	0x3033      	MOVLW      51
0x04A2	0x00AE      	MOVWF      ?lstr3_MAIN
0x04A3	0x3031      	MOVLW      49
0x04A4	0x00AF      	MOVWF      47
0x04A5	0x3026      	MOVLW      38
0x04A6	0x00B0      	MOVWF      48
0x04A7	0x01B1      	CLRF       49
;MAIN.c,180 :: 		void main(){
;MAIN.c,181 :: 		PORTA = 0x00;
0x04A8	0x0185      	CLRF       PORTA
;MAIN.c,182 :: 		PORTB = 0x00;
0x04A9	0x0186      	CLRF       PORTB
;MAIN.c,183 :: 		PORTD = 0x00;
0x04AA	0x0188      	CLRF       PORTD
;MAIN.c,184 :: 		TRISA = 0x00;
0x04AB	0x1683      	BSF        STATUS, 5
0x04AC	0x0185      	CLRF       TRISA
;MAIN.c,185 :: 		TRISB = 0x00;
0x04AD	0x0186      	CLRF       TRISB
;MAIN.c,186 :: 		TRISD = 0x00;
0x04AE	0x0188      	CLRF       TRISD
;MAIN.c,187 :: 		TRISC = 0b11000000;
0x04AF	0x30C0      	MOVLW      192
0x04B0	0x0087      	MOVWF      TRISC
;MAIN.c,188 :: 		PORTA.F0 = 0;
0x04B1	0x1283      	BCF        STATUS, 5
0x04B2	0x1005      	BCF        PORTA, 0
;MAIN.c,189 :: 		PORTA.F1 = 0;
0x04B3	0x1085      	BCF        PORTA, 1
;MAIN.c,190 :: 		PORTA.F2 = 0;
0x04B4	0x1105      	BCF        PORTA, 2
;MAIN.c,191 :: 		PORTA.F3 = 0;
0x04B5	0x1185      	BCF        PORTA, 3
;MAIN.c,193 :: 		UART1_Init(9600);
0x04B6	0x3081      	MOVLW      129
0x04B7	0x1683      	BSF        STATUS, 5
0x04B8	0x0099      	MOVWF      SPBRG
0x04B9	0x1518      	BSF        TXSTA, 2
0x04BA	0x23E0      	CALL       _UART1_Init
;MAIN.c,194 :: 		delay_ms(100);
0x04BB	0x3003      	MOVLW      3
0x04BC	0x00FB      	MOVWF      R11
0x04BD	0x308A      	MOVLW      138
0x04BE	0x00FC      	MOVWF      R12
0x04BF	0x3055      	MOVLW      85
0x04C0	0x00FD      	MOVWF      R13
L_main68:
0x04C1	0x0BFD      	DECFSZ     R13, 1
0x04C2	0x2CC1      	GOTO       L_main68
0x04C3	0x0BFC      	DECFSZ     R12, 1
0x04C4	0x2CC1      	GOTO       L_main68
0x04C5	0x0BFB      	DECFSZ     R11, 1
0x04C6	0x2CC1      	GOTO       L_main68
0x04C7	0x0000      	NOP
0x04C8	0x0000      	NOP
;MAIN.c,196 :: 		while(1){
L_main69:
;MAIN.c,197 :: 		UART1_Read_Text(readbuff, "!", 7);
0x04C9	0x3046      	MOVLW      _readbuff
0x04CA	0x00D5      	MOVWF      FARG_UART1_Read_Text_Output
0x04CB	0x3028      	MOVLW      ?lstr5_MAIN
0x04CC	0x00D6      	MOVWF      FARG_UART1_Read_Text_Delimiter
0x04CD	0x3007      	MOVLW      7
0x04CE	0x00D7      	MOVWF      FARG_UART1_Read_Text_Attempts
0x04CF	0x239D      	CALL       _UART1_Read_Text
;MAIN.c,198 :: 		UART1_Write(readbuff[0]);
0x04D0	0x0846      	MOVF       _readbuff, 0
0x04D1	0x00DF      	MOVWF      FARG_UART1_Write_data_
0x04D2	0x2003      	CALL       _UART1_Write
;MAIN.c,199 :: 		UART1_Write(readbuff[1]);
0x04D3	0x0847      	MOVF       _readbuff+1, 0
0x04D4	0x00DF      	MOVWF      FARG_UART1_Write_data_
0x04D5	0x2003      	CALL       _UART1_Write
;MAIN.c,200 :: 		UART1_Write(readbuff[2]);
0x04D6	0x0848      	MOVF       _readbuff+2, 0
0x04D7	0x00DF      	MOVWF      FARG_UART1_Write_data_
0x04D8	0x2003      	CALL       _UART1_Write
;MAIN.c,201 :: 		UART1_Write(readbuff[3]);
0x04D9	0x0849      	MOVF       _readbuff+3, 0
0x04DA	0x00DF      	MOVWF      FARG_UART1_Write_data_
0x04DB	0x2003      	CALL       _UART1_Write
;MAIN.c,202 :: 		UART1_Write(readbuff[4]);
0x04DC	0x084A      	MOVF       _readbuff+4, 0
0x04DD	0x00DF      	MOVWF      FARG_UART1_Write_data_
0x04DE	0x2003      	CALL       _UART1_Write
;MAIN.c,203 :: 		UART1_Write(readbuff[5]);
0x04DF	0x084B      	MOVF       _readbuff+5, 0
0x04E0	0x00DF      	MOVWF      FARG_UART1_Write_data_
0x04E1	0x2003      	CALL       _UART1_Write
;MAIN.c,204 :: 		data1[0] = readbuff[0];
0x04E2	0x0846      	MOVF       _readbuff, 0
0x04E3	0x00CE      	MOVWF      _data1
;MAIN.c,205 :: 		data2[0] = readbuff[1];
0x04E4	0x0847      	MOVF       _readbuff+1, 0
0x04E5	0x00CD      	MOVWF      _data2
;MAIN.c,206 :: 		data3[0] = readbuff[2];
0x04E6	0x0848      	MOVF       _readbuff+2, 0
0x04E7	0x00C1      	MOVWF      _data3
;MAIN.c,207 :: 		data4[0] = readbuff[3];
0x04E8	0x0849      	MOVF       _readbuff+3, 0
0x04E9	0x00C0      	MOVWF      _data4
;MAIN.c,208 :: 		data5[0] = readbuff[4];
0x04EA	0x084A      	MOVF       _readbuff+4, 0
0x04EB	0x00C2      	MOVWF      _data5
;MAIN.c,209 :: 		data6[0] = readbuff[5];
0x04EC	0x084B      	MOVF       _readbuff+5, 0
0x04ED	0x00C5      	MOVWF      _data6
;MAIN.c,210 :: 		data1[1] = '\0';
0x04EE	0x01CF      	CLRF       _data1+1
;MAIN.c,211 :: 		data2[1] = '\0';
0x04EF	0x01CE      	CLRF       _data2+1
;MAIN.c,212 :: 		data3[1] = '\0';
0x04F0	0x01C2      	CLRF       _data3+1
;MAIN.c,213 :: 		data4[1] = '\0';
0x04F1	0x01C1      	CLRF       _data4+1
;MAIN.c,214 :: 		data5[1] = '\0';
0x04F2	0x01C3      	CLRF       _data5+1
;MAIN.c,215 :: 		data6[1] = '\0';
0x04F3	0x01C6      	CLRF       _data6+1
;MAIN.c,216 :: 		delay_ms(10);
0x04F4	0x3041      	MOVLW      65
0x04F5	0x00FC      	MOVWF      R12
0x04F6	0x30EE      	MOVLW      238
0x04F7	0x00FD      	MOVWF      R13
L_main71:
0x04F8	0x0BFD      	DECFSZ     R13, 1
0x04F9	0x2CF8      	GOTO       L_main71
0x04FA	0x0BFC      	DECFSZ     R12, 1
0x04FB	0x2CF8      	GOTO       L_main71
0x04FC	0x0000      	NOP
;MAIN.c,217 :: 		value1 = atoi(data1);
0x04FD	0x304E      	MOVLW      _data1
0x04FE	0x00D5      	MOVWF      FARG_atoi_s
0x04FF	0x2205      	CALL       _atoi
0x0500	0x0870      	MOVF       R0, 0
0x0501	0x00C3      	MOVWF      _value1
0x0502	0x0871      	MOVF       R0+1, 0
0x0503	0x00C4      	MOVWF      _value1+1
;MAIN.c,218 :: 		delay_ms(10);
0x0504	0x3041      	MOVLW      65
0x0505	0x00FC      	MOVWF      R12
0x0506	0x30EE      	MOVLW      238
0x0507	0x00FD      	MOVWF      R13
L_main72:
0x0508	0x0BFD      	DECFSZ     R13, 1
0x0509	0x2D08      	GOTO       L_main72
0x050A	0x0BFC      	DECFSZ     R12, 1
0x050B	0x2D08      	GOTO       L_main72
0x050C	0x0000      	NOP
;MAIN.c,219 :: 		value2 = atoi(data2);
0x050D	0x304D      	MOVLW      _data2
0x050E	0x00D5      	MOVWF      FARG_atoi_s
0x050F	0x2205      	CALL       _atoi
0x0510	0x0870      	MOVF       R0, 0
0x0511	0x00BE      	MOVWF      _value2
0x0512	0x0871      	MOVF       R0+1, 0
0x0513	0x00BF      	MOVWF      _value2+1
;MAIN.c,220 :: 		delay_ms(10);
0x0514	0x3041      	MOVLW      65
0x0515	0x00FC      	MOVWF      R12
0x0516	0x30EE      	MOVLW      238
0x0517	0x00FD      	MOVWF      R13
L_main73:
0x0518	0x0BFD      	DECFSZ     R13, 1
0x0519	0x2D18      	GOTO       L_main73
0x051A	0x0BFC      	DECFSZ     R12, 1
0x051B	0x2D18      	GOTO       L_main73
0x051C	0x0000      	NOP
;MAIN.c,221 :: 		value3 = atoi(data3);
0x051D	0x3041      	MOVLW      _data3
0x051E	0x00D5      	MOVWF      FARG_atoi_s
0x051F	0x2205      	CALL       _atoi
0x0520	0x0870      	MOVF       R0, 0
0x0521	0x00B6      	MOVWF      _value3
0x0522	0x0871      	MOVF       R0+1, 0
0x0523	0x00B7      	MOVWF      _value3+1
;MAIN.c,222 :: 		delay_ms(10);
0x0524	0x3041      	MOVLW      65
0x0525	0x00FC      	MOVWF      R12
0x0526	0x30EE      	MOVLW      238
0x0527	0x00FD      	MOVWF      R13
L_main74:
0x0528	0x0BFD      	DECFSZ     R13, 1
0x0529	0x2D28      	GOTO       L_main74
0x052A	0x0BFC      	DECFSZ     R12, 1
0x052B	0x2D28      	GOTO       L_main74
0x052C	0x0000      	NOP
;MAIN.c,223 :: 		value4 = atoi(data4);
0x052D	0x3040      	MOVLW      _data4
0x052E	0x00D5      	MOVWF      FARG_atoi_s
0x052F	0x2205      	CALL       _atoi
0x0530	0x0870      	MOVF       R0, 0
0x0531	0x00B8      	MOVWF      _value4
0x0532	0x0871      	MOVF       R0+1, 0
0x0533	0x00B9      	MOVWF      _value4+1
;MAIN.c,224 :: 		delay_ms(10);
0x0534	0x3041      	MOVLW      65
0x0535	0x00FC      	MOVWF      R12
0x0536	0x30EE      	MOVLW      238
0x0537	0x00FD      	MOVWF      R13
L_main75:
0x0538	0x0BFD      	DECFSZ     R13, 1
0x0539	0x2D38      	GOTO       L_main75
0x053A	0x0BFC      	DECFSZ     R12, 1
0x053B	0x2D38      	GOTO       L_main75
0x053C	0x0000      	NOP
;MAIN.c,225 :: 		value5 = atoi(data5);
0x053D	0x3042      	MOVLW      _data5
0x053E	0x00D5      	MOVWF      FARG_atoi_s
0x053F	0x2205      	CALL       _atoi
0x0540	0x0870      	MOVF       R0, 0
0x0541	0x00B4      	MOVWF      _value5
0x0542	0x0871      	MOVF       R0+1, 0
0x0543	0x00B5      	MOVWF      _value5+1
;MAIN.c,226 :: 		delay_ms(10);
0x0544	0x3041      	MOVLW      65
0x0545	0x00FC      	MOVWF      R12
0x0546	0x30EE      	MOVLW      238
0x0547	0x00FD      	MOVWF      R13
L_main76:
0x0548	0x0BFD      	DECFSZ     R13, 1
0x0549	0x2D48      	GOTO       L_main76
0x054A	0x0BFC      	DECFSZ     R12, 1
0x054B	0x2D48      	GOTO       L_main76
0x054C	0x0000      	NOP
;MAIN.c,227 :: 		value6 = atoi(data6);
0x054D	0x3045      	MOVLW      _data6
0x054E	0x00D5      	MOVWF      FARG_atoi_s
0x054F	0x2205      	CALL       _atoi
0x0550	0x0870      	MOVF       R0, 0
0x0551	0x00B2      	MOVWF      _value6
0x0552	0x0871      	MOVF       R0+1, 0
0x0553	0x00B3      	MOVWF      _value6+1
;MAIN.c,228 :: 		delay_ms(10);
0x0554	0x3041      	MOVLW      65
0x0555	0x00FC      	MOVWF      R12
0x0556	0x30EE      	MOVLW      238
0x0557	0x00FD      	MOVWF      R13
L_main77:
0x0558	0x0BFD      	DECFSZ     R13, 1
0x0559	0x2D58      	GOTO       L_main77
0x055A	0x0BFC      	DECFSZ     R12, 1
0x055B	0x2D58      	GOTO       L_main77
0x055C	0x0000      	NOP
;MAIN.c,229 :: 		rtime = 0;
0x055D	0x01BC      	CLRF       _rtime
0x055E	0x01BD      	CLRF       _rtime+1
;MAIN.c,230 :: 		ytime = (value3 * 10) + value4;
0x055F	0x0836      	MOVF       _value3, 0
0x0560	0x00F0      	MOVWF      R0
0x0561	0x0837      	MOVF       _value3+1, 0
0x0562	0x00F1      	MOVWF      R0+1
0x0563	0x300A      	MOVLW      10
0x0564	0x00F4      	MOVWF      R4
0x0565	0x3000      	MOVLW      0
0x0566	0x00F5      	MOVWF      R4+1
0x0567	0x2136      	CALL       _Mul_16X16_U
0x0568	0x0838      	MOVF       _value4, 0
0x0569	0x0770      	ADDWF      R0, 0
0x056A	0x00BA      	MOVWF      _ytime
0x056B	0x0871      	MOVF       R0+1, 0
0x056C	0x1803      	BTFSC      STATUS, 0
0x056D	0x3E01      	ADDLW      1
0x056E	0x0739      	ADDWF      _value4+1, 0
0x056F	0x00BB      	MOVWF      _ytime+1
;MAIN.c,231 :: 		delay_ms(10);
0x0570	0x3041      	MOVLW      65
0x0571	0x00FC      	MOVWF      R12
0x0572	0x30EE      	MOVLW      238
0x0573	0x00FD      	MOVWF      R13
L_main78:
0x0574	0x0BFD      	DECFSZ     R13, 1
0x0575	0x2D74      	GOTO       L_main78
0x0576	0x0BFC      	DECFSZ     R12, 1
0x0577	0x2D74      	GOTO       L_main78
0x0578	0x0000      	NOP
;MAIN.c,232 :: 		gtime = (value5 * 10) + value6;
0x0579	0x0834      	MOVF       _value5, 0
0x057A	0x00F0      	MOVWF      R0
0x057B	0x0835      	MOVF       _value5+1, 0
0x057C	0x00F1      	MOVWF      R0+1
0x057D	0x300A      	MOVLW      10
0x057E	0x00F4      	MOVWF      R4
0x057F	0x3000      	MOVLW      0
0x0580	0x00F5      	MOVWF      R4+1
0x0581	0x2136      	CALL       _Mul_16X16_U
0x0582	0x0832      	MOVF       _value6, 0
0x0583	0x0770      	ADDWF      R0, 0
0x0584	0x00D3      	MOVWF      _gtime
0x0585	0x0871      	MOVF       R0+1, 0
0x0586	0x1803      	BTFSC      STATUS, 0
0x0587	0x3E01      	ADDLW      1
0x0588	0x0733      	ADDWF      _value6+1, 0
0x0589	0x00D4      	MOVWF      _gtime+1
;MAIN.c,233 :: 		delay_ms(10);
0x058A	0x3041      	MOVLW      65
0x058B	0x00FC      	MOVWF      R12
0x058C	0x30EE      	MOVLW      238
0x058D	0x00FD      	MOVWF      R13
L_main79:
0x058E	0x0BFD      	DECFSZ     R13, 1
0x058F	0x2D8E      	GOTO       L_main79
0x0590	0x0BFC      	DECFSZ     R12, 1
0x0591	0x2D8E      	GOTO       L_main79
0x0592	0x0000      	NOP
;MAIN.c,234 :: 		dendo_xanh1(gtime, ytime);
0x0593	0x0853      	MOVF       _gtime, 0
0x0594	0x00D5      	MOVWF      FARG_dendo_xanh1_time
0x0595	0x0854      	MOVF       _gtime+1, 0
0x0596	0x00D6      	MOVWF      FARG_dendo_xanh1_time+1
0x0597	0x083A      	MOVF       _ytime, 0
0x0598	0x00D7      	MOVWF      FARG_dendo_xanh1_plustime
0x0599	0x083B      	MOVF       _ytime+1, 0
0x059A	0x00D8      	MOVWF      FARG_dendo_xanh1_plustime+1
0x059B	0x2168      	CALL       _dendo_xanh1
;MAIN.c,235 :: 		dendo_vang1(ytime);
0x059C	0x083A      	MOVF       _ytime, 0
0x059D	0x00D5      	MOVWF      FARG_dendo_vang1_plustime
0x059E	0x083B      	MOVF       _ytime+1, 0
0x059F	0x00D6      	MOVWF      FARG_dendo_vang1_plustime+1
0x05A0	0x2275      	CALL       _dendo_vang1
;MAIN.c,236 :: 		dendo_xanh2(gtime, ytime);
0x05A1	0x0853      	MOVF       _gtime, 0
0x05A2	0x00D5      	MOVWF      FARG_dendo_xanh2_time
0x05A3	0x0854      	MOVF       _gtime+1, 0
0x05A4	0x00D6      	MOVWF      FARG_dendo_xanh2_time+1
0x05A5	0x083A      	MOVF       _ytime, 0
0x05A6	0x00D7      	MOVWF      FARG_dendo_xanh2_plustime
0x05A7	0x083B      	MOVF       _ytime+1, 0
0x05A8	0x00D8      	MOVWF      FARG_dendo_xanh2_plustime+1
0x05A9	0x2300      	CALL       _dendo_xanh2
;MAIN.c,237 :: 		dendo_vang2(ytime);
0x05AA	0x083A      	MOVF       _ytime, 0
0x05AB	0x00D5      	MOVWF      FARG_dendo_vang2_plustime
0x05AC	0x083B      	MOVF       _ytime+1, 0
0x05AD	0x00D6      	MOVWF      FARG_dendo_vang2_plustime+1
0x05AE	0x23F0      	CALL       _dendo_vang2
;MAIN.c,238 :: 		}
0x05AF	0x2CC9      	GOTO       L_main69
;MAIN.c,239 :: 		}
L_end_main:
0x05B0	0x2DB0      	GOTO       $+0
; end of _main
Symbol List:
//** Routines locations **
//ADDRESS    SIZE    PROCEDURE
//----------------------------------------------
0x0003      [10]    _UART1_Write
0x000D      [44]    _Div_16x16_S_L
0x0039      [17]    _Div_8X8_U
0x004A      [76]    _mask
0x0096       [7]    _UART1_Data_Ready
0x009D     [105]    _Div_16x16_S
0x0106      [11]    _UART1_Read
0x0111      [15]    _isdigit
0x0120      [22]    _UART1_Write_Text
0x0136      [43]    _Mul_16X16_U
0x0161       [7]    _____DoICP
0x0168     [157]    _dendo_xanh1
0x0205     [112]    _atoi
0x0275     [139]    _dendo_vang1
0x0300     [157]    _dendo_xanh2
0x039D      [67]    _UART1_Read_Text
0x03E0      [16]    _UART1_Init
0x03F0     [139]    _dendo_vang2
0x047B      [12]    ___CC2DW
0x0487     [298]    _main
//** Variables locations ** 
//ADDRESS    SIZE    VARIABLE
//----------------------------------------------
0x0000       [1]    INDF
0x0002       [1]    PCL
0x0003       [1]    STATUS
0x0004       [1]    FSR
0x0005       [1]    PORTA
0x0006       [1]    PORTB
0x0007       [1]    PORTC
0x0008       [1]    PORTD
0x000A       [1]    PCLATH
0x000C       [1]    PIR1
0x0018       [1]    RCSTA
0x0019       [1]    TXREG
0x001A       [1]    RCREG
0x0020       [4]    ?lstr4_MAIN
0x0024       [4]    ?lstr1_MAIN
0x0028       [2]    ?lstr5_MAIN
0x002A       [4]    ?lstr2_MAIN
0x002E       [4]    ?lstr3_MAIN
0x0032       [2]    _value6
0x0034       [2]    _value5
0x0036       [2]    _value3
0x0038       [2]    _value4
0x003A       [2]    _ytime
0x003C       [2]    _rtime
0x003E       [2]    _value2
0x0040       [1]    _data4
0x0041       [1]    _data3
0x0042       [1]    _data5
0x0043       [2]    _value1
0x0045       [1]    _data6
0x0046       [7]    _readbuff
0x004D       [1]    _data2
0x004E       [1]    _data1
0x004F       [1]    _j
0x0050       [1]    _i
0x0051       [2]    ___DoICPAddr
0x0053       [2]    _gtime
0x0055       [2]    FARG_dendo_xanh1_time
0x0055       [1]    FARG_atoi_s
0x0055       [1]    FARG_UART1_Read_Text_Output
0x0055       [2]    FARG_dendo_vang2_plustime
0x0055       [2]    FARG_dendo_xanh2_time
0x0055       [2]    FARG_dendo_vang1_plustime
0x0056       [1]    FARG_UART1_Read_Text_Delimiter
0x0056       [2]    atoi_c_L0
0x0057       [1]    FARG_UART1_Read_Text_Attempts
0x0057       [2]    FARG_dendo_xanh1_plustime
0x0057       [2]    FARG_dendo_xanh2_plustime
0x0058       [2]    atoi_a_L0
0x0058       [1]    UART1_Read_Text_r_data_L0
0x0059       [1]    UART1_Read_Text_out_idx_L0
0x005A       [2]    atoi_sign_L0
0x005A       [1]    UART1_Read_Text_delim_idx_L0
0x005C       [1]    FARG_mask_num
0x005C       [1]    FARG_isdigit_character
0x005C       [1]    FARG_UART1_Write_Text_uart_text
0x005D       [1]    UART1_Write_Text_data__L0
0x005E       [1]    UART1_Write_Text_counter_L0
0x005F       [1]    FARG_UART1_Write_data_
0x0070       [1]    R0
0x0071       [1]    R1
0x0072       [1]    R2
0x0073       [1]    R3
0x0074       [1]    R4
0x0075       [1]    R5
0x0076       [1]    R6
0x0077       [1]    R7
0x0078       [1]    R8
0x0079       [1]    R9
0x007A       [1]    R10
0x007B       [1]    R11
0x007C       [1]    R12
0x007D       [1]    R13
0x007E       [1]    R14
0x007F       [1]    R15
0x0085       [1]    TRISA
0x0086       [1]    TRISB
0x0087       [0]    TRISC7_bit
0x0087       [1]    TRISC
0x0087       [0]    TRISC6_bit
0x0088       [1]    TRISD
0x0098       [1]    TXSTA
0x0099       [1]    SPBRG
